#
# There is insufficient memory for the Java Runtime Environment to continue.
# Native memory allocation (malloc) failed to allocate 1187856 bytes for Chunk::new
# Possible reasons:
#   The system is out of physical RAM or swap space
#   The process is running with CompressedOops enabled, and the Java Heap may be blocking the growth of the native heap
# Possible solutions:
#   Reduce memory load on the system
#   Increase physical memory or swap space
#   Check if swap backing store is full
#   Decrease Java heap size (-Xmx/-Xms)
#   Decrease number of Java threads
#   Decrease Java thread stack sizes (-Xss)
#   Set larger code cache with -XX:ReservedCodeCacheSize=
#   JVM is running with Unscaled Compressed Oops mode in which the Java heap is
#     placed in the first 4GB address space. The Java Heap base address is the
#     maximum limit for the native heap growth. Please use -XX:HeapBaseMinAddress
#     to set the Java Heap base and to place the Java Heap above 4GB virtual address.
# This output file may be truncated or incomplete.
#
#  Out of Memory Error (c:/BuildAgent/work/1eae4dac1d648407/src/hotspot/share/memory/arena.cpp:197), pid=6200, tid=10968
#
# JRE version: OpenJDK Runtime Environment (11.0.6+8) (build 11.0.6+8-b765.25)
# Java VM: OpenJDK 64-Bit Server VM (11.0.6+8-b765.25, mixed mode, sharing, tiered, compressed oops, g1 gc, windows-amd64)
# No core dump will be written. Minidumps are not enabled by default on client versions of Windows
#

---------------  S U M M A R Y ------------

Command Line: --add-opens=java.base/java.util=ALL-UNNAMED --add-opens=java.base/java.lang=ALL-UNNAMED --add-opens=java.base/java.lang.invoke=ALL-UNNAMED --add-opens=java.prefs/java.util.prefs=ALL-UNNAMED -XX:MaxMetaspaceSize=256m -XX:+HeapDumpOnOutOfMemoryError -Xmx512m -Dfile.encoding=GBK -Duser.country=CN -Duser.language=zh -Duser.variant org.gradle.launcher.daemon.bootstrap.GradleDaemon 5.2.1

Host: Intel(R) Core(TM) i7-8550U CPU @ 1.80GHz, 8 cores, 15G,  Windows 10 , 64 bit Build 18362 (10.0.18362.778)
Time: Wed Apr 22 21:13:45 2020 ?D?¡¤??¨¢?¨º¡À elapsed time: 7 seconds (0d 0h 0m 7s)

---------------  T H R E A D  ---------------

Current thread (0x0000023f2fa14800):  JavaThread "C2 CompilerThread1" daemon [_thread_in_native, id=10968, stack(0x000000544f700000,0x000000544f800000)]


Current CompileTask:
C2:   7113 3097       4       groovy.lang.MetaClassImpl$1MOPIter::methodNameAction (325 bytes)

Stack: [0x000000544f700000,0x000000544f800000]
Native frames: (J=compiled Java code, j=interpreted, Vv=VM code, C=native code)
V  [jvm.dll+0x5de3ca]
V  [jvm.dll+0x710ae5]
V  [jvm.dll+0x712005]
V  [jvm.dll+0x7126b3]
V  [jvm.dll+0x23e708]
V  [jvm.dll+0xb89bc]
V  [jvm.dll+0xb8ebc]
V  [jvm.dll+0x3502fd]
V  [jvm.dll+0x19437c]
V  [jvm.dll+0x1f79ee]
V  [jvm.dll+0x1f6ab4]
V  [jvm.dll+0x17f90c]
V  [jvm.dll+0x204ed7]
V  [jvm.dll+0x203741]
V  [jvm.dll+0x6daa4f]
V  [jvm.dll+0x6d38ad]
V  [jvm.dll+0x5dd366]
C  [ucrtbase.dll+0x20e72]
C  [KERNEL32.DLL+0x17bd4]
C  [ntdll.dll+0x6ce51]


---------------  P R O C E S S  ---------------

Threads class SMR info:
_java_thread_list=0x0000023f308638c0, length=29, elements={
0x0000023f144da000, 0x0000023f2d6eb800, 0x0000023f2d6ed000, 0x0000023f2d70e800,
0x0000023f2d710800, 0x0000023f2d711800, 0x0000023f2d715000, 0x0000023f2d723800,
0x0000023f2e066000, 0x0000023f2e09b000, 0x0000023f2f6a8000, 0x0000023f2e1a9800,
0x0000023f2f619000, 0x0000023f2f053800, 0x0000023f2f93d000, 0x0000023f2f93e000,
0x0000023f2f360000, 0x0000023f2f3f6000, 0x0000023f2f37f800, 0x0000023f2f7aa800,
0x0000023f2f7af000, 0x0000023f2f7ae000, 0x0000023f2f7af800, 0x0000023f2fa14800,
0x0000023f31e5c000, 0x0000023f2f7ac800, 0x0000023f31b65800, 0x0000023f31b66800,
0x0000023f31b64000
}

Java Threads: ( => current thread )
  0x0000023f144da000 JavaThread "main" [_thread_blocked, id=10420, stack(0x000000544d500000,0x000000544d600000)]
  0x0000023f2d6eb800 JavaThread "Reference Handler" daemon [_thread_blocked, id=15668, stack(0x000000544dc00000,0x000000544dd00000)]
  0x0000023f2d6ed000 JavaThread "Finalizer" daemon [_thread_blocked, id=17584, stack(0x000000544dd00000,0x000000544de00000)]
  0x0000023f2d70e800 JavaThread "Signal Dispatcher" daemon [_thread_blocked, id=12004, stack(0x000000544de00000,0x000000544df00000)]
  0x0000023f2d710800 JavaThread "Attach Listener" daemon [_thread_blocked, id=23952, stack(0x000000544df00000,0x000000544e000000)]
  0x0000023f2d711800 JavaThread "C2 CompilerThread0" daemon [_thread_in_native, id=23828, stack(0x000000544e000000,0x000000544e100000)]
  0x0000023f2d715000 JavaThread "C1 CompilerThread0" daemon [_thread_blocked, id=4268, stack(0x000000544e100000,0x000000544e200000)]
  0x0000023f2d723800 JavaThread "Sweeper thread" daemon [_thread_blocked, id=18932, stack(0x000000544e200000,0x000000544e300000)]
  0x0000023f2e066000 JavaThread "Common-Cleaner" daemon [_thread_blocked, id=17064, stack(0x000000544e300000,0x000000544e400000)]
  0x0000023f2e09b000 JavaThread "Service Thread" daemon [_thread_blocked, id=3284, stack(0x000000544e400000,0x000000544e500000)]
  0x0000023f2f6a8000 JavaThread "Incoming local TCP Connector on port 63480" [_thread_in_native, id=15300, stack(0x000000544e600000,0x000000544e700000)]
  0x0000023f2e1a9800 JavaThread "Daemon periodic checks" [_thread_blocked, id=7916, stack(0x000000544ec00000,0x000000544ed00000)]
  0x0000023f2f619000 JavaThread "Daemon" [_thread_blocked, id=13980, stack(0x000000544ed00000,0x000000544ee00000)]
  0x0000023f2f053800 JavaThread "Handler for socket connection from /127.0.0.1:63480 to /127.0.0.1:63481" [_thread_in_native, id=16696, stack(0x000000544ee00000,0x000000544ef00000)]
  0x0000023f2f93d000 JavaThread "Cancel handler" [_thread_blocked, id=19748, stack(0x000000544ef00000,0x000000544f000000)]
  0x0000023f2f93e000 JavaThread "Daemon worker" [_thread_in_vm, id=9600, stack(0x000000544f000000,0x000000544f100000)]
  0x0000023f2f360000 JavaThread "Asynchronous log dispatcher for DefaultDaemonConnection: socket connection from /127.0.0.1:63480 to /127.0.0.1:63481" [_thread_blocked, id=20316, stack(0x000000544f100000,0x000000544f200000)]
  0x0000023f2f3f6000 JavaThread "Stdin handler" [_thread_blocked, id=25136, stack(0x000000544f200000,0x000000544f300000)]
  0x0000023f2f37f800 JavaThread "Thread-7" [_thread_blocked, id=19940, stack(0x000000544f300000,0x000000544f400000)]
  0x0000023f2f7aa800 JavaThread "Cache worker for file hash cache (C:\Users\gzouxu\.gradle\caches\5.2.1\fileHashes)" [_thread_blocked, id=12264, stack(0x000000544f400000,0x000000544f500000)]
  0x0000023f2f7af000 JavaThread "File lock request listener" [_thread_in_native, id=14800, stack(0x000000544f500000,0x000000544f600000)]
  0x0000023f2f7ae000 JavaThread "Cache worker for journal cache (C:\Users\gzouxu\.gradle\caches\journal-1)" [_thread_blocked, id=14976, stack(0x000000544f600000,0x000000544f700000)]
  0x0000023f2f7af800 JavaThread "Cache worker for file hash cache (D:\code\project\unit\.gradle\5.2.1\fileHashes)" [_thread_blocked, id=8572, stack(0x000000544f800000,0x000000544f900000)]
=>0x0000023f2fa14800 JavaThread "C2 CompilerThread1" daemon [_thread_in_native, id=10968, stack(0x000000544f700000,0x000000544f800000)]
  0x0000023f31e5c000 JavaThread "C2 CompilerThread2" daemon [_thread_in_native, id=6648, stack(0x000000544f900000,0x000000544fa00000)]
  0x0000023f2f7ac800 JavaThread "Cache worker for cache directory md-supplier (C:\Users\gzouxu\.gradle\caches\5.2.1\md-supplier)" [_thread_blocked, id=24836, stack(0x000000544fd00000,0x000000544fe00000)]
  0x0000023f31b65800 JavaThread "Cache worker for cache directory md-rule (C:\Users\gzouxu\.gradle\caches\5.2.1\md-rule)" [_thread_blocked, id=19656, stack(0x000000544fe00000,0x000000544ff00000)]
  0x0000023f31b66800 JavaThread "Cache worker for Build Output Cleanup Cache (D:\code\project\unit\.gradle\buildOutputCleanup)" [_thread_blocked, id=14280, stack(0x000000544ff00000,0x0000005450000000)]
  0x0000023f31b64000 JavaThread "Cache worker for execution history cache (C:\Users\gzouxu\.gradle\caches\5.2.1\executionHistory)" [_thread_blocked, id=9628, stack(0x0000005450000000,0x0000005450100000)]

Other Threads:
  0x0000023f2d6ea800 VMThread "VM Thread" [stack: 0x000000544db00000,0x000000544dc00000] [id=17032]
  0x0000023f2e09c000 WatcherThread [stack: 0x000000544e500000,0x000000544e600000] [id=2796]
  0x0000023f165d4000 GCTaskThread "GC Thread#0" [stack: 0x000000544d600000,0x000000544d700000] [id=19164]
  0x0000023f2e993800 GCTaskThread "GC Thread#1" [stack: 0x000000544e700000,0x000000544e800000] [id=16476]
  0x0000023f2e7c8800 GCTaskThread "GC Thread#2" [stack: 0x000000544e800000,0x000000544e900000] [id=2432]
  0x0000023f2e7c9000 GCTaskThread "GC Thread#3" [stack: 0x000000544e900000,0x000000544ea00000] [id=21620]
  0x0000023f2e7c9800 GCTaskThread "GC Thread#4" [stack: 0x000000544ea00000,0x000000544eb00000] [id=10496]
  0x0000023f2e7ca800 GCTaskThread "GC Thread#5" [stack: 0x000000544eb00000,0x000000544ec00000] [id=4120]
  0x0000023f30cac000 GCTaskThread "GC Thread#6" [stack: 0x000000544fa00000,0x000000544fb00000] [id=13452]
  0x0000023f32551800 GCTaskThread "GC Thread#7" [stack: 0x000000544fb00000,0x000000544fc00000] [id=15924]
  0x0000023f165e5800 ConcurrentGCThread "G1 Main Marker" [stack: 0x000000544d700000,0x000000544d800000] [id=14644]
  0x0000023f165e9000 ConcurrentGCThread "G1 Conc#0" [stack: 0x000000544d800000,0x000000544d900000] [id=24936]
  0x0000023f2e96e000 ConcurrentGCThread "G1 Conc#1" [stack: 0x000000544fc00000,0x000000544fd00000] [id=15552]
  0x0000023f1668e000 ConcurrentGCThread "G1 Refine#0" [stack: 0x000000544d900000,0x000000544da00000] [id=22164]
  0x0000023f2d5ac800 ConcurrentGCThread "G1 Young RemSet Sampling" [stack: 0x000000544da00000,0x000000544db00000] [id=19376]

Threads with active compile tasks:
C2 CompilerThread0   7174 3235       4       org.objectweb.asm.SymbolTable::addConstantUtf8Reference (101 bytes)
C2 CompilerThread1   7174 3097       4       groovy.lang.MetaClassImpl$1MOPIter::methodNameAction (325 bytes)
C2 CompilerThread2   7174 3236       4       org.objectweb.asm.MethodWriter::visitVarInsn (302 bytes)

VM state:not at safepoint (normal execution)

VM Mutex/Monitor currently owned by a thread: None

Heap address: 0x00000000e0000000, size: 512 MB, Compressed Oops mode: 32-bit
Narrow klass base: 0x0000000800000000, Narrow klass shift: 3
Compressed class space size: 260046848 Address: 0x0000000840000000

Heap:
 garbage-first heap   total 260096K, used 67365K [0x00000000e0000000, 0x0000000100000000)
  region size 1024K, 50 young (51200K), 5 survivors (5120K)
 Metaspace       used 32353K, capacity 33041K, committed 33200K, reserved 282624K
  class space    used 4567K, capacity 4799K, committed 4864K, reserved 253952K
Heap Regions: E=young(eden), S=young(survivor), O=old, HS=humongous(starts), HC=humongous(continues), CS=collection set, F=free, A=archive, TAMS=top-at-mark-start (previous, next)
|   0|0x00000000e0000000, 0x00000000e0100000, 0x00000000e0100000|100%|HS|  |TAMS 0x00000000e0100000, 0x00000000e0000000| Complete 
|   1|0x00000000e0100000, 0x00000000e0200000, 0x00000000e0200000|100%|HS|  |TAMS 0x00000000e0200000, 0x00000000e0100000| Complete 
|   2|0x00000000e0200000, 0x00000000e0300000, 0x00000000e0300000|100%|HC|  |TAMS 0x00000000e0300000, 0x00000000e0200000| Complete 
|   3|0x00000000e0300000, 0x00000000e0400000, 0x00000000e0400000|100%| O|  |TAMS 0x00000000e0400000, 0x00000000e0300000| Untracked 
|   4|0x00000000e0400000, 0x00000000e0500000, 0x00000000e0500000|100%| O|  |TAMS 0x00000000e0492c00, 0x00000000e0400000| Untracked 
|   5|0x00000000e0500000, 0x00000000e0500000, 0x00000000e0600000|  0%| F|  |TAMS 0x00000000e0500000, 0x00000000e0500000| Untracked 
|   6|0x00000000e0600000, 0x00000000e0600000, 0x00000000e0700000|  0%| F|  |TAMS 0x00000000e0600000, 0x00000000e0600000| Untracked 
|   7|0x00000000e0700000, 0x00000000e0700000, 0x00000000e0800000|  0%| F|  |TAMS 0x00000000e0700000, 0x00000000e0700000| Untracked 
|   8|0x00000000e0800000, 0x00000000e0900000, 0x00000000e0900000|100%| O|  |TAMS 0x00000000e0800000, 0x00000000e0800000| Untracked 
|   9|0x00000000e0900000, 0x00000000e0a00000, 0x00000000e0a00000|100%| O|  |TAMS 0x00000000e0900000, 0x00000000e0900000| Untracked 
|  10|0x00000000e0a00000, 0x00000000e0b00000, 0x00000000e0b00000|100%| O|  |TAMS 0x00000000e0a00000, 0x00000000e0a00000| Untracked 
|  11|0x00000000e0b00000, 0x00000000e0c00000, 0x00000000e0c00000|100%| O|  |TAMS 0x00000000e0b00000, 0x00000000e0b00000| Untracked 
|  12|0x00000000e0c00000, 0x00000000e0d00000, 0x00000000e0d00000|100%| O|  |TAMS 0x00000000e0c00000, 0x00000000e0c00000| Untracked 
|  13|0x00000000e0d00000, 0x00000000e0e00000, 0x00000000e0e00000|100%| O|  |TAMS 0x00000000e0d00000, 0x00000000e0d00000| Untracked 
|  14|0x00000000e0e00000, 0x00000000e0f00000, 0x00000000e0f00000|100%| O|  |TAMS 0x00000000e0e00000, 0x00000000e0e00000| Untracked 
|  15|0x00000000e0f00000, 0x00000000e1000000, 0x00000000e1000000|100%| O|  |TAMS 0x00000000e0f00000, 0x00000000e0f00000| Untracked 
|  16|0x00000000e1000000, 0x00000000e1100000, 0x00000000e1100000|100%| O|  |TAMS 0x00000000e1000000, 0x00000000e1000000| Untracked 
|  17|0x00000000e1100000, 0x00000000e1200000, 0x00000000e1200000|100%| O|  |TAMS 0x00000000e1100000, 0x00000000e1100000| Untracked 
|  18|0x00000000e1200000, 0x00000000e1300000, 0x00000000e1300000|100%| O|  |TAMS 0x00000000e1200000, 0x00000000e1200000| Untracked 
|  19|0x00000000e1300000, 0x00000000e13fbe00, 0x00000000e1400000| 98%| O|  |TAMS 0x00000000e1300000, 0x00000000e1300000| Untracked 
|  20|0x00000000e1400000, 0x00000000e1400000, 0x00000000e1500000|  0%| F|  |TAMS 0x00000000e1400000, 0x00000000e1400000| Untracked 
|  21|0x00000000e1500000, 0x00000000e1500000, 0x00000000e1600000|  0%| F|  |TAMS 0x00000000e1500000, 0x00000000e1500000| Untracked 
|  22|0x00000000e1600000, 0x00000000e1600000, 0x00000000e1700000|  0%| F|  |TAMS 0x00000000e1600000, 0x00000000e1600000| Untracked 
|  23|0x00000000e1700000, 0x00000000e1700000, 0x00000000e1800000|  0%| F|  |TAMS 0x00000000e1700000, 0x00000000e1700000| Untracked 
|  24|0x00000000e1800000, 0x00000000e1800000, 0x00000000e1900000|  0%| F|  |TAMS 0x00000000e1800000, 0x00000000e1800000| Untracked 
|  25|0x00000000e1900000, 0x00000000e1900000, 0x00000000e1a00000|  0%| F|  |TAMS 0x00000000e1900000, 0x00000000e1900000| Untracked 
|  26|0x00000000e1a00000, 0x00000000e1a00000, 0x00000000e1b00000|  0%| F|  |TAMS 0x00000000e1a00000, 0x00000000e1a00000| Untracked 
|  27|0x00000000e1b00000, 0x00000000e1b00000, 0x00000000e1c00000|  0%| F|  |TAMS 0x00000000e1b00000, 0x00000000e1b00000| Untracked 
|  28|0x00000000e1c00000, 0x00000000e1c00000, 0x00000000e1d00000|  0%| F|  |TAMS 0x00000000e1c00000, 0x00000000e1c00000| Untracked 
|  29|0x00000000e1d00000, 0x00000000e1d00000, 0x00000000e1e00000|  0%| F|  |TAMS 0x00000000e1d00000, 0x00000000e1d00000| Untracked 
|  30|0x00000000e1e00000, 0x00000000e1e00000, 0x00000000e1f00000|  0%| F|  |TAMS 0x00000000e1e00000, 0x00000000e1e00000| Untracked 
|  31|0x00000000e1f00000, 0x00000000e1f00000, 0x00000000e2000000|  0%| F|  |TAMS 0x00000000e1f00000, 0x00000000e1f00000| Untracked 
|  32|0x00000000e2000000, 0x00000000e2000000, 0x00000000e2100000|  0%| F|  |TAMS 0x00000000e2000000, 0x00000000e2000000| Untracked 
|  33|0x00000000e2100000, 0x00000000e2100000, 0x00000000e2200000|  0%| F|  |TAMS 0x00000000e2100000, 0x00000000e2100000| Untracked 
|  34|0x00000000e2200000, 0x00000000e2200000, 0x00000000e2300000|  0%| F|  |TAMS 0x00000000e2200000, 0x00000000e2200000| Untracked 
|  35|0x00000000e2300000, 0x00000000e2300000, 0x00000000e2400000|  0%| F|  |TAMS 0x00000000e2300000, 0x00000000e2300000| Untracked 
|  36|0x00000000e2400000, 0x00000000e2400000, 0x00000000e2500000|  0%| F|  |TAMS 0x00000000e2400000, 0x00000000e2400000| Untracked 
|  37|0x00000000e2500000, 0x00000000e2500000, 0x00000000e2600000|  0%| F|  |TAMS 0x00000000e2500000, 0x00000000e2500000| Untracked 
|  38|0x00000000e2600000, 0x00000000e2600000, 0x00000000e2700000|  0%| F|  |TAMS 0x00000000e2600000, 0x00000000e2600000| Untracked 
|  39|0x00000000e2700000, 0x00000000e2700000, 0x00000000e2800000|  0%| F|  |TAMS 0x00000000e2700000, 0x00000000e2700000| Untracked 
|  40|0x00000000e2800000, 0x00000000e2800000, 0x00000000e2900000|  0%| F|  |TAMS 0x00000000e2800000, 0x00000000e2800000| Untracked 
|  41|0x00000000e2900000, 0x00000000e2900000, 0x00000000e2a00000|  0%| F|  |TAMS 0x00000000e2900000, 0x00000000e2900000| Untracked 
|  42|0x00000000e2a00000, 0x00000000e2a00000, 0x00000000e2b00000|  0%| F|  |TAMS 0x00000000e2a00000, 0x00000000e2a00000| Untracked 
|  43|0x00000000e2b00000, 0x00000000e2b00000, 0x00000000e2c00000|  0%| F|  |TAMS 0x00000000e2b00000, 0x00000000e2b00000| Untracked 
|  44|0x00000000e2c00000, 0x00000000e2c00000, 0x00000000e2d00000|  0%| F|  |TAMS 0x00000000e2c00000, 0x00000000e2c00000| Untracked 
|  45|0x00000000e2d00000, 0x00000000e2d00000, 0x00000000e2e00000|  0%| F|  |TAMS 0x00000000e2d00000, 0x00000000e2d00000| Untracked 
|  46|0x00000000e2e00000, 0x00000000e2e00000, 0x00000000e2f00000|  0%| F|  |TAMS 0x00000000e2e00000, 0x00000000e2e00000| Untracked 
|  47|0x00000000e2f00000, 0x00000000e2f00000, 0x00000000e3000000|  0%| F|  |TAMS 0x00000000e2f00000, 0x00000000e2f00000| Untracked 
|  48|0x00000000e3000000, 0x00000000e3000000, 0x00000000e3100000|  0%| F|  |TAMS 0x00000000e3000000, 0x00000000e3000000| Untracked 
|  49|0x00000000e3100000, 0x00000000e3100000, 0x00000000e3200000|  0%| F|  |TAMS 0x00000000e3100000, 0x00000000e3100000| Untracked 
|  50|0x00000000e3200000, 0x00000000e3200000, 0x00000000e3300000|  0%| F|  |TAMS 0x00000000e3200000, 0x00000000e3200000| Untracked 
|  51|0x00000000e3300000, 0x00000000e3300000, 0x00000000e3400000|  0%| F|  |TAMS 0x00000000e3300000, 0x00000000e3300000| Untracked 
|  52|0x00000000e3400000, 0x00000000e3400000, 0x00000000e3500000|  0%| F|  |TAMS 0x00000000e3400000, 0x00000000e3400000| Untracked 
|  53|0x00000000e3500000, 0x00000000e3500000, 0x00000000e3600000|  0%| F|  |TAMS 0x00000000e3500000, 0x00000000e3500000| Untracked 
|  54|0x00000000e3600000, 0x00000000e3600000, 0x00000000e3700000|  0%| F|  |TAMS 0x00000000e3600000, 0x00000000e3600000| Untracked 
|  55|0x00000000e3700000, 0x00000000e3700000, 0x00000000e3800000|  0%| F|  |TAMS 0x00000000e3700000, 0x00000000e3700000| Untracked 
|  56|0x00000000e3800000, 0x00000000e3800000, 0x00000000e3900000|  0%| F|  |TAMS 0x00000000e3800000, 0x00000000e3800000| Untracked 
|  57|0x00000000e3900000, 0x00000000e3900000, 0x00000000e3a00000|  0%| F|  |TAMS 0x00000000e3900000, 0x00000000e3900000| Untracked 
|  58|0x00000000e3a00000, 0x00000000e3a00000, 0x00000000e3b00000|  0%| F|  |TAMS 0x00000000e3a00000, 0x00000000e3a00000| Untracked 
|  59|0x00000000e3b00000, 0x00000000e3b00000, 0x00000000e3c00000|  0%| F|  |TAMS 0x00000000e3b00000, 0x00000000e3b00000| Untracked 
|  60|0x00000000e3c00000, 0x00000000e3c00000, 0x00000000e3d00000|  0%| F|  |TAMS 0x00000000e3c00000, 0x00000000e3c00000| Untracked 
|  61|0x00000000e3d00000, 0x00000000e3d00000, 0x00000000e3e00000|  0%| F|  |TAMS 0x00000000e3d00000, 0x00000000e3d00000| Untracked 
|  62|0x00000000e3e00000, 0x00000000e3e00000, 0x00000000e3f00000|  0%| F|  |TAMS 0x00000000e3e00000, 0x00000000e3e00000| Untracked 
|  63|0x00000000e3f00000, 0x00000000e3f00000, 0x00000000e4000000|  0%| F|  |TAMS 0x00000000e3f00000, 0x00000000e3f00000| Untracked 
|  64|0x00000000e4000000, 0x00000000e4000000, 0x00000000e4100000|  0%| F|  |TAMS 0x00000000e4000000, 0x00000000e4000000| Untracked 
|  65|0x00000000e4100000, 0x00000000e4100000, 0x00000000e4200000|  0%| F|  |TAMS 0x00000000e4100000, 0x00000000e4100000| Untracked 
|  66|0x00000000e4200000, 0x00000000e4200000, 0x00000000e4300000|  0%| F|  |TAMS 0x00000000e4200000, 0x00000000e4200000| Untracked 
|  67|0x00000000e4300000, 0x00000000e4300000, 0x00000000e4400000|  0%| F|  |TAMS 0x00000000e4300000, 0x00000000e4300000| Untracked 
|  68|0x00000000e4400000, 0x00000000e4400000, 0x00000000e4500000|  0%| F|  |TAMS 0x00000000e4400000, 0x00000000e4400000| Untracked 
|  69|0x00000000e4500000, 0x00000000e4500000, 0x00000000e4600000|  0%| F|  |TAMS 0x00000000e4500000, 0x00000000e4500000| Untracked 
|  70|0x00000000e4600000, 0x00000000e4600000, 0x00000000e4700000|  0%| F|  |TAMS 0x00000000e4600000, 0x00000000e4600000| Untracked 
|  71|0x00000000e4700000, 0x00000000e4700000, 0x00000000e4800000|  0%| F|  |TAMS 0x00000000e4700000, 0x00000000e4700000| Untracked 
|  72|0x00000000e4800000, 0x00000000e4800000, 0x00000000e4900000|  0%| F|  |TAMS 0x00000000e4800000, 0x00000000e4800000| Untracked 
|  73|0x00000000e4900000, 0x00000000e4900000, 0x00000000e4a00000|  0%| F|  |TAMS 0x00000000e4900000, 0x00000000e4900000| Untracked 
|  74|0x00000000e4a00000, 0x00000000e4a00000, 0x00000000e4b00000|  0%| F|  |TAMS 0x00000000e4a00000, 0x00000000e4a00000| Untracked 
|  75|0x00000000e4b00000, 0x00000000e4b00000, 0x00000000e4c00000|  0%| F|  |TAMS 0x00000000e4b00000, 0x00000000e4b00000| Untracked 
|  76|0x00000000e4c00000, 0x00000000e4c00000, 0x00000000e4d00000|  0%| F|  |TAMS 0x00000000e4c00000, 0x00000000e4c00000| Untracked 
|  77|0x00000000e4d00000, 0x00000000e4d00000, 0x00000000e4e00000|  0%| F|  |TAMS 0x00000000e4d00000, 0x00000000e4d00000| Untracked 
|  78|0x00000000e4e00000, 0x00000000e4e00000, 0x00000000e4f00000|  0%| F|  |TAMS 0x00000000e4e00000, 0x00000000e4e00000| Untracked 
|  79|0x00000000e4f00000, 0x00000000e4f00000, 0x00000000e5000000|  0%| F|  |TAMS 0x00000000e4f00000, 0x00000000e4f00000| Untracked 
|  80|0x00000000e5000000, 0x00000000e5000000, 0x00000000e5100000|  0%| F|  |TAMS 0x00000000e5000000, 0x00000000e5000000| Untracked 
|  81|0x00000000e5100000, 0x00000000e5100000, 0x00000000e5200000|  0%| F|  |TAMS 0x00000000e5100000, 0x00000000e5100000| Untracked 
|  82|0x00000000e5200000, 0x00000000e5200000, 0x00000000e5300000|  0%| F|  |TAMS 0x00000000e5200000, 0x00000000e5200000| Untracked 
|  83|0x00000000e5300000, 0x00000000e5300000, 0x00000000e5400000|  0%| F|  |TAMS 0x00000000e5300000, 0x00000000e5300000| Untracked 
|  84|0x00000000e5400000, 0x00000000e5400000, 0x00000000e5500000|  0%| F|  |TAMS 0x00000000e5400000, 0x00000000e5400000| Untracked 
|  85|0x00000000e5500000, 0x00000000e5500000, 0x00000000e5600000|  0%| F|  |TAMS 0x00000000e5500000, 0x00000000e5500000| Untracked 
|  86|0x00000000e5600000, 0x00000000e5600000, 0x00000000e5700000|  0%| F|  |TAMS 0x00000000e5600000, 0x00000000e5600000| Untracked 
|  87|0x00000000e5700000, 0x00000000e5700000, 0x00000000e5800000|  0%| F|  |TAMS 0x00000000e5700000, 0x00000000e5700000| Untracked 
|  88|0x00000000e5800000, 0x00000000e5800000, 0x00000000e5900000|  0%| F|  |TAMS 0x00000000e5800000, 0x00000000e5800000| Untracked 
|  89|0x00000000e5900000, 0x00000000e5900000, 0x00000000e5a00000|  0%| F|  |TAMS 0x00000000e5900000, 0x00000000e5900000| Untracked 
|  90|0x00000000e5a00000, 0x00000000e5a00000, 0x00000000e5b00000|  0%| F|  |TAMS 0x00000000e5a00000, 0x00000000e5a00000| Untracked 
|  91|0x00000000e5b00000, 0x00000000e5b00000, 0x00000000e5c00000|  0%| F|  |TAMS 0x00000000e5b00000, 0x00000000e5b00000| Untracked 
|  92|0x00000000e5c00000, 0x00000000e5c00000, 0x00000000e5d00000|  0%| F|  |TAMS 0x00000000e5c00000, 0x00000000e5c00000| Untracked 
|  93|0x00000000e5d00000, 0x00000000e5d00000, 0x00000000e5e00000|  0%| F|  |TAMS 0x00000000e5d00000, 0x00000000e5d00000| Untracked 
|  94|0x00000000e5e00000, 0x00000000e5e00000, 0x00000000e5f00000|  0%| F|  |TAMS 0x00000000e5e00000, 0x00000000e5e00000| Untracked 
|  95|0x00000000e5f00000, 0x00000000e5f00000, 0x00000000e6000000|  0%| F|  |TAMS 0x00000000e5f00000, 0x00000000e5f00000| Untracked 
|  96|0x00000000e6000000, 0x00000000e6000000, 0x00000000e6100000|  0%| F|  |TAMS 0x00000000e6000000, 0x00000000e6000000| Untracked 
|  97|0x00000000e6100000, 0x00000000e6100000, 0x00000000e6200000|  0%| F|  |TAMS 0x00000000e6100000, 0x00000000e6100000| Untracked 
|  98|0x00000000e6200000, 0x00000000e6200000, 0x00000000e6300000|  0%| F|  |TAMS 0x00000000e6200000, 0x00000000e6200000| Untracked 
|  99|0x00000000e6300000, 0x00000000e6300000, 0x00000000e6400000|  0%| F|  |TAMS 0x00000000e6300000, 0x00000000e6300000| Untracked 
| 100|0x00000000e6400000, 0x00000000e6400000, 0x00000000e6500000|  0%| F|  |TAMS 0x00000000e6400000, 0x00000000e6400000| Untracked 
| 101|0x00000000e6500000, 0x00000000e6500000, 0x00000000e6600000|  0%| F|  |TAMS 0x00000000e6500000, 0x00000000e6500000| Untracked 
| 102|0x00000000e6600000, 0x00000000e6600000, 0x00000000e6700000|  0%| F|  |TAMS 0x00000000e6600000, 0x00000000e6600000| Untracked 
| 103|0x00000000e6700000, 0x00000000e6700000, 0x00000000e6800000|  0%| F|  |TAMS 0x00000000e6700000, 0x00000000e6700000| Untracked 
| 104|0x00000000e6800000, 0x00000000e6800000, 0x00000000e6900000|  0%| F|  |TAMS 0x00000000e6800000, 0x00000000e6800000| Untracked 
| 105|0x00000000e6900000, 0x00000000e6900000, 0x00000000e6a00000|  0%| F|  |TAMS 0x00000000e6900000, 0x00000000e6900000| Untracked 
| 106|0x00000000e6a00000, 0x00000000e6a00000, 0x00000000e6b00000|  0%| F|  |TAMS 0x00000000e6a00000, 0x00000000e6a00000| Untracked 
| 107|0x00000000e6b00000, 0x00000000e6b00000, 0x00000000e6c00000|  0%| F|  |TAMS 0x00000000e6b00000, 0x00000000e6b00000| Untracked 
| 108|0x00000000e6c00000, 0x00000000e6c00000, 0x00000000e6d00000|  0%| F|  |TAMS 0x00000000e6c00000, 0x00000000e6c00000| Untracked 
| 109|0x00000000e6d00000, 0x00000000e6d00000, 0x00000000e6e00000|  0%| F|  |TAMS 0x00000000e6d00000, 0x00000000e6d00000| Untracked 
| 110|0x00000000e6e00000, 0x00000000e6e00000, 0x00000000e6f00000|  0%| F|  |TAMS 0x00000000e6e00000, 0x00000000e6e00000| Untracked 
| 111|0x00000000e6f00000, 0x00000000e6f00000, 0x00000000e7000000|  0%| F|  |TAMS 0x00000000e6f00000, 0x00000000e6f00000| Untracked 
| 112|0x00000000e7000000, 0x00000000e7000000, 0x00000000e7100000|  0%| F|  |TAMS 0x00000000e7000000, 0x00000000e7000000| Untracked 
| 113|0x00000000e7100000, 0x00000000e7100000, 0x00000000e7200000|  0%| F|  |TAMS 0x00000000e7100000, 0x00000000e7100000| Untracked 
| 114|0x00000000e7200000, 0x00000000e7200000, 0x00000000e7300000|  0%| F|  |TAMS 0x00000000e7200000, 0x00000000e7200000| Untracked 
| 115|0x00000000e7300000, 0x00000000e7300000, 0x00000000e7400000|  0%| F|  |TAMS 0x00000000e7300000, 0x00000000e7300000| Untracked 
| 116|0x00000000e7400000, 0x00000000e7400000, 0x00000000e7500000|  0%| F|  |TAMS 0x00000000e7400000, 0x00000000e7400000| Untracked 
| 117|0x00000000e7500000, 0x00000000e7500000, 0x00000000e7600000|  0%| F|  |TAMS 0x00000000e7500000, 0x00000000e7500000| Untracked 
| 118|0x00000000e7600000, 0x00000000e7600000, 0x00000000e7700000|  0%| F|  |TAMS 0x00000000e7600000, 0x00000000e7600000| Untracked 
| 119|0x00000000e7700000, 0x00000000e7700000, 0x00000000e7800000|  0%| F|  |TAMS 0x00000000e7700000, 0x00000000e7700000| Untracked 
| 120|0x00000000e7800000, 0x00000000e7800000, 0x00000000e7900000|  0%| F|  |TAMS 0x00000000e7800000, 0x00000000e7800000| Untracked 
| 121|0x00000000e7900000, 0x00000000e7900000, 0x00000000e7a00000|  0%| F|  |TAMS 0x00000000e7900000, 0x00000000e7900000| Untracked 
| 122|0x00000000e7a00000, 0x00000000e7a00000, 0x00000000e7b00000|  0%| F|  |TAMS 0x00000000e7a00000, 0x00000000e7a00000| Untracked 
| 123|0x00000000e7b00000, 0x00000000e7b00000, 0x00000000e7c00000|  0%| F|  |TAMS 0x00000000e7b00000, 0x00000000e7b00000| Untracked 
| 124|0x00000000e7c00000, 0x00000000e7c00000, 0x00000000e7d00000|  0%| F|  |TAMS 0x00000000e7c00000, 0x00000000e7c00000| Untracked 
| 125|0x00000000e7d00000, 0x00000000e7d00000, 0x00000000e7e00000|  0%| F|  |TAMS 0x00000000e7d00000, 0x00000000e7d00000| Untracked 
| 126|0x00000000e7e00000, 0x00000000e7e00000, 0x00000000e7f00000|  0%| F|  |TAMS 0x00000000e7e00000, 0x00000000e7e00000| Untracked 
| 127|0x00000000e7f00000, 0x00000000e7f00000, 0x00000000e8000000|  0%| F|  |TAMS 0x00000000e7f00000, 0x00000000e7f00000| Untracked 
| 128|0x00000000e8000000, 0x00000000e8000000, 0x00000000e8100000|  0%| F|  |TAMS 0x00000000e8000000, 0x00000000e8000000| Untracked 
| 129|0x00000000e8100000, 0x00000000e8100000, 0x00000000e8200000|  0%| F|  |TAMS 0x00000000e8100000, 0x00000000e8100000| Untracked 
| 130|0x00000000e8200000, 0x00000000e8200000, 0x00000000e8300000|  0%| F|  |TAMS 0x00000000e8200000, 0x00000000e8200000| Untracked 
| 131|0x00000000e8300000, 0x00000000e8300000, 0x00000000e8400000|  0%| F|  |TAMS 0x00000000e8300000, 0x00000000e8300000| Untracked 
| 132|0x00000000e8400000, 0x00000000e8400000, 0x00000000e8500000|  0%| F|  |TAMS 0x00000000e8400000, 0x00000000e8400000| Untracked 
| 133|0x00000000e8500000, 0x00000000e8500000, 0x00000000e8600000|  0%| F|  |TAMS 0x00000000e8500000, 0x00000000e8500000| Untracked 
| 134|0x00000000e8600000, 0x00000000e8600000, 0x00000000e8700000|  0%| F|  |TAMS 0x00000000e8600000, 0x00000000e8600000| Untracked 
| 135|0x00000000e8700000, 0x00000000e8700000, 0x00000000e8800000|  0%| F|  |TAMS 0x00000000e8700000, 0x00000000e8700000| Untracked 
| 136|0x00000000e8800000, 0x00000000e8800000, 0x00000000e8900000|  0%| F|  |TAMS 0x00000000e8800000, 0x00000000e8800000| Untracked 
| 137|0x00000000e8900000, 0x00000000e8900000, 0x00000000e8a00000|  0%| F|  |TAMS 0x00000000e8900000, 0x00000000e8900000| Untracked 
| 138|0x00000000e8a00000, 0x00000000e8a00000, 0x00000000e8b00000|  0%| F|  |TAMS 0x00000000e8a00000, 0x00000000e8a00000| Untracked 
| 139|0x00000000e8b00000, 0x00000000e8b00000, 0x00000000e8c00000|  0%| F|  |TAMS 0x00000000e8b00000, 0x00000000e8b00000| Untracked 
| 140|0x00000000e8c00000, 0x00000000e8c00000, 0x00000000e8d00000|  0%| F|  |TAMS 0x00000000e8c00000, 0x00000000e8c00000| Untracked 
| 141|0x00000000e8d00000, 0x00000000e8d00000, 0x00000000e8e00000|  0%| F|  |TAMS 0x00000000e8d00000, 0x00000000e8d00000| Untracked 
| 142|0x00000000e8e00000, 0x00000000e8e00000, 0x00000000e8f00000|  0%| F|  |TAMS 0x00000000e8e00000, 0x00000000e8e00000| Untracked 
| 143|0x00000000e8f00000, 0x00000000e8f00000, 0x00000000e9000000|  0%| F|  |TAMS 0x00000000e8f00000, 0x00000000e8f00000| Untracked 
| 144|0x00000000e9000000, 0x00000000e9000000, 0x00000000e9100000|  0%| F|  |TAMS 0x00000000e9000000, 0x00000000e9000000| Untracked 
| 145|0x00000000e9100000, 0x00000000e9100000, 0x00000000e9200000|  0%| F|  |TAMS 0x00000000e9100000, 0x00000000e9100000| Untracked 
| 146|0x00000000e9200000, 0x00000000e9200000, 0x00000000e9300000|  0%| F|  |TAMS 0x00000000e9200000, 0x00000000e9200000| Untracked 
| 147|0x00000000e9300000, 0x00000000e9300000, 0x00000000e9400000|  0%| F|  |TAMS 0x00000000e9300000, 0x00000000e9300000| Untracked 
| 148|0x00000000e9400000, 0x00000000e9400000, 0x00000000e9500000|  0%| F|  |TAMS 0x00000000e9400000, 0x00000000e9400000| Untracked 
| 149|0x00000000e9500000, 0x00000000e9500000, 0x00000000e9600000|  0%| F|  |TAMS 0x00000000e9500000, 0x00000000e9500000| Untracked 
| 150|0x00000000e9600000, 0x00000000e9600000, 0x00000000e9700000|  0%| F|  |TAMS 0x00000000e9600000, 0x00000000e9600000| Untracked 
| 151|0x00000000e9700000, 0x00000000e9700000, 0x00000000e9800000|  0%| F|  |TAMS 0x00000000e9700000, 0x00000000e9700000| Untracked 
| 152|0x00000000e9800000, 0x00000000e9800000, 0x00000000e9900000|  0%| F|  |TAMS 0x00000000e9800000, 0x00000000e9800000| Untracked 
| 153|0x00000000e9900000, 0x00000000e9900000, 0x00000000e9a00000|  0%| F|  |TAMS 0x00000000e9900000, 0x00000000e9900000| Untracked 
| 154|0x00000000e9a00000, 0x00000000e9a00000, 0x00000000e9b00000|  0%| F|  |TAMS 0x00000000e9a00000, 0x00000000e9a00000| Untracked 
| 155|0x00000000e9b00000, 0x00000000e9b00000, 0x00000000e9c00000|  0%| F|  |TAMS 0x00000000e9b00000, 0x00000000e9b00000| Untracked 
| 156|0x00000000e9c00000, 0x00000000e9c00000, 0x00000000e9d00000|  0%| F|  |TAMS 0x00000000e9c00000, 0x00000000e9c00000| Untracked 
| 157|0x00000000e9d00000, 0x00000000e9d00000, 0x00000000e9e00000|  0%| F|  |TAMS 0x00000000e9d00000, 0x00000000e9d00000| Untracked 
| 158|0x00000000e9e00000, 0x00000000e9e00000, 0x00000000e9f00000|  0%| F|  |TAMS 0x00000000e9e00000, 0x00000000e9e00000| Untracked 
| 159|0x00000000e9f00000, 0x00000000e9f00000, 0x00000000ea000000|  0%| F|  |TAMS 0x00000000e9f00000, 0x00000000e9f00000| Untracked 
| 160|0x00000000ea000000, 0x00000000ea000000, 0x00000000ea100000|  0%| F|  |TAMS 0x00000000ea000000, 0x00000000ea000000| Untracked 
| 161|0x00000000ea100000, 0x00000000ea100000, 0x00000000ea200000|  0%| F|  |TAMS 0x00000000ea100000, 0x00000000ea100000| Untracked 
| 162|0x00000000ea200000, 0x00000000ea200000, 0x00000000ea300000|  0%| F|  |TAMS 0x00000000ea200000, 0x00000000ea200000| Untracked 
| 163|0x00000000ea300000, 0x00000000ea300000, 0x00000000ea400000|  0%| F|  |TAMS 0x00000000ea300000, 0x00000000ea300000| Untracked 
| 164|0x00000000ea400000, 0x00000000ea400000, 0x00000000ea500000|  0%| F|  |TAMS 0x00000000ea400000, 0x00000000ea400000| Untracked 
| 165|0x00000000ea500000, 0x00000000ea500000, 0x00000000ea600000|  0%| F|  |TAMS 0x00000000ea500000, 0x00000000ea500000| Untracked 
| 166|0x00000000ea600000, 0x00000000ea600000, 0x00000000ea700000|  0%| F|  |TAMS 0x00000000ea600000, 0x00000000ea600000| Untracked 
| 167|0x00000000ea700000, 0x00000000ea700000, 0x00000000ea800000|  0%| F|  |TAMS 0x00000000ea700000, 0x00000000ea700000| Untracked 
| 168|0x00000000ea800000, 0x00000000ea800000, 0x00000000ea900000|  0%| F|  |TAMS 0x00000000ea800000, 0x00000000ea800000| Untracked 
| 169|0x00000000ea900000, 0x00000000ea900000, 0x00000000eaa00000|  0%| F|  |TAMS 0x00000000ea900000, 0x00000000ea900000| Untracked 
| 170|0x00000000eaa00000, 0x00000000eaa00000, 0x00000000eab00000|  0%| F|  |TAMS 0x00000000eaa00000, 0x00000000eaa00000| Untracked 
| 171|0x00000000eab00000, 0x00000000eabcd8e8, 0x00000000eac00000| 80%| S|CS|TAMS 0x00000000eab00000, 0x00000000eab00000| Complete 
| 172|0x00000000eac00000, 0x00000000ead00000, 0x00000000ead00000|100%| S|CS|TAMS 0x00000000eac00000, 0x00000000eac00000| Complete 
| 173|0x00000000ead00000, 0x00000000eae00000, 0x00000000eae00000|100%| S|CS|TAMS 0x00000000ead00000, 0x00000000ead00000| Complete 
| 174|0x00000000eae00000, 0x00000000eaf00000, 0x00000000eaf00000|100%| S|CS|TAMS 0x00000000eae00000, 0x00000000eae00000| Complete 
| 175|0x00000000eaf00000, 0x00000000eb000000, 0x00000000eb000000|100%| S|CS|TAMS 0x00000000eaf00000, 0x00000000eaf00000| Complete 
| 176|0x00000000eb000000, 0x00000000eb000000, 0x00000000eb100000|  0%| F|  |TAMS 0x00000000eb000000, 0x00000000eb000000| Untracked 
| 177|0x00000000eb100000, 0x00000000eb100000, 0x00000000eb200000|  0%| F|  |TAMS 0x00000000eb100000, 0x00000000eb100000| Untracked 
| 178|0x00000000eb200000, 0x00000000eb200000, 0x00000000eb300000|  0%| F|  |TAMS 0x00000000eb200000, 0x00000000eb200000| Untracked 
| 179|0x00000000eb300000, 0x00000000eb300000, 0x00000000eb400000|  0%| F|  |TAMS 0x00000000eb300000, 0x00000000eb300000| Untracked 
| 180|0x00000000eb400000, 0x00000000eb400000, 0x00000000eb500000|  0%| F|  |TAMS 0x00000000eb400000, 0x00000000eb400000| Untracked 
| 181|0x00000000eb500000, 0x00000000eb500000, 0x00000000eb600000|  0%| F|  |TAMS 0x00000000eb500000, 0x00000000eb500000| Untracked 
| 182|0x00000000eb600000, 0x00000000eb600000, 0x00000000eb700000|  0%| F|  |TAMS 0x00000000eb600000, 0x00000000eb600000| Untracked 
| 183|0x00000000eb700000, 0x00000000eb700000, 0x00000000eb800000|  0%| F|  |TAMS 0x00000000eb700000, 0x00000000eb700000| Untracked 
| 184|0x00000000eb800000, 0x00000000eb800000, 0x00000000eb900000|  0%| F|  |TAMS 0x00000000eb800000, 0x00000000eb800000| Untracked 
| 185|0x00000000eb900000, 0x00000000eb900000, 0x00000000eba00000|  0%| F|  |TAMS 0x00000000eb900000, 0x00000000eb900000| Untracked 
| 186|0x00000000eba00000, 0x00000000eba00000, 0x00000000ebb00000|  0%| F|  |TAMS 0x00000000eba00000, 0x00000000eba00000| Untracked 
| 187|0x00000000ebb00000, 0x00000000ebb00000, 0x00000000ebc00000|  0%| F|  |TAMS 0x00000000ebb00000, 0x00000000ebb00000| Untracked 
| 188|0x00000000ebc00000, 0x00000000ebc00000, 0x00000000ebd00000|  0%| F|  |TAMS 0x00000000ebc00000, 0x00000000ebc00000| Untracked 
| 189|0x00000000ebd00000, 0x00000000ebd00000, 0x00000000ebe00000|  0%| F|  |TAMS 0x00000000ebd00000, 0x00000000ebd00000| Untracked 
| 190|0x00000000ebe00000, 0x00000000ebe00000, 0x00000000ebf00000|  0%| F|  |TAMS 0x00000000ebe00000, 0x00000000ebe00000| Untracked 
| 191|0x00000000ebf00000, 0x00000000ebf00000, 0x00000000ec000000|  0%| F|  |TAMS 0x00000000ebf00000, 0x00000000ebf00000| Untracked 
| 192|0x00000000ec000000, 0x00000000ec000000, 0x00000000ec100000|  0%| F|  |TAMS 0x00000000ec000000, 0x00000000ec000000| Untracked 
| 193|0x00000000ec100000, 0x00000000ec100000, 0x00000000ec200000|  0%| F|  |TAMS 0x00000000ec100000, 0x00000000ec100000| Untracked 
| 194|0x00000000ec200000, 0x00000000ec200000, 0x00000000ec300000|  0%| F|  |TAMS 0x00000000ec200000, 0x00000000ec200000| Untracked 
| 195|0x00000000ec300000, 0x00000000ec300000, 0x00000000ec400000|  0%| F|  |TAMS 0x00000000ec300000, 0x00000000ec300000| Untracked 
| 196|0x00000000ec400000, 0x00000000ec400000, 0x00000000ec500000|  0%| F|  |TAMS 0x00000000ec400000, 0x00000000ec400000| Untracked 
| 197|0x00000000ec500000, 0x00000000ec500000, 0x00000000ec600000|  0%| F|  |TAMS 0x00000000ec500000, 0x00000000ec500000| Untracked 
| 198|0x00000000ec600000, 0x00000000ec600000, 0x00000000ec700000|  0%| F|  |TAMS 0x00000000ec600000, 0x00000000ec600000| Untracked 
| 199|0x00000000ec700000, 0x00000000ec700000, 0x00000000ec800000|  0%| F|  |TAMS 0x00000000ec700000, 0x00000000ec700000| Untracked 
| 200|0x00000000ec800000, 0x00000000ec800000, 0x00000000ec900000|  0%| F|  |TAMS 0x00000000ec800000, 0x00000000ec800000| Untracked 
| 201|0x00000000ec900000, 0x00000000ec900000, 0x00000000eca00000|  0%| F|  |TAMS 0x00000000ec900000, 0x00000000ec900000| Untracked 
| 202|0x00000000eca00000, 0x00000000eca00000, 0x00000000ecb00000|  0%| F|  |TAMS 0x00000000eca00000, 0x00000000eca00000| Untracked 
| 203|0x00000000ecb00000, 0x00000000ecb00000, 0x00000000ecc00000|  0%| F|  |TAMS 0x00000000ecb00000, 0x00000000ecb00000| Untracked 
| 204|0x00000000ecc00000, 0x00000000ecc00000, 0x00000000ecd00000|  0%| F|  |TAMS 0x00000000ecc00000, 0x00000000ecc00000| Untracked 
| 205|0x00000000ecd00000, 0x00000000ecd00000, 0x00000000ece00000|  0%| F|  |TAMS 0x00000000ecd00000, 0x00000000ecd00000| Untracked 
| 206|0x00000000ece00000, 0x00000000ece00000, 0x00000000ecf00000|  0%| F|  |TAMS 0x00000000ece00000, 0x00000000ece00000| Untracked 
| 207|0x00000000ecf00000, 0x00000000ecf00000, 0x00000000ed000000|  0%| F|  |TAMS 0x00000000ecf00000, 0x00000000ecf00000| Untracked 
| 208|0x00000000ed000000, 0x00000000ed000000, 0x00000000ed100000|  0%| F|  |TAMS 0x00000000ed000000, 0x00000000ed000000| Untracked 
| 209|0x00000000ed100000, 0x00000000ed200000, 0x00000000ed200000|100%| E|  |TAMS 0x00000000ed100000, 0x00000000ed100000| Complete 
| 210|0x00000000ed200000, 0x00000000ed300000, 0x00000000ed300000|100%| E|CS|TAMS 0x00000000ed200000, 0x00000000ed200000| Complete 
| 211|0x00000000ed300000, 0x00000000ed400000, 0x00000000ed400000|100%| E|CS|TAMS 0x00000000ed300000, 0x00000000ed300000| Complete 
| 212|0x00000000ed400000, 0x00000000ed500000, 0x00000000ed500000|100%| E|CS|TAMS 0x00000000ed400000, 0x00000000ed400000| Complete 
| 213|0x00000000ed500000, 0x00000000ed600000, 0x00000000ed600000|100%| E|CS|TAMS 0x00000000ed500000, 0x00000000ed500000| Complete 
| 214|0x00000000ed600000, 0x00000000ed700000, 0x00000000ed700000|100%| E|CS|TAMS 0x00000000ed600000, 0x00000000ed600000| Complete 
| 215|0x00000000ed700000, 0x00000000ed800000, 0x00000000ed800000|100%| E|CS|TAMS 0x00000000ed700000, 0x00000000ed700000| Complete 
| 216|0x00000000ed800000, 0x00000000ed900000, 0x00000000ed900000|100%| E|CS|TAMS 0x00000000ed800000, 0x00000000ed800000| Complete 
| 217|0x00000000ed900000, 0x00000000eda00000, 0x00000000eda00000|100%| E|CS|TAMS 0x00000000ed900000, 0x00000000ed900000| Complete 
| 218|0x00000000eda00000, 0x00000000edb00000, 0x00000000edb00000|100%| E|CS|TAMS 0x00000000eda00000, 0x00000000eda00000| Complete 
| 219|0x00000000edb00000, 0x00000000edc00000, 0x00000000edc00000|100%| E|CS|TAMS 0x00000000edb00000, 0x00000000edb00000| Complete 
| 220|0x00000000edc00000, 0x00000000edd00000, 0x00000000edd00000|100%| E|CS|TAMS 0x00000000edc00000, 0x00000000edc00000| Complete 
| 221|0x00000000edd00000, 0x00000000ede00000, 0x00000000ede00000|100%| E|CS|TAMS 0x00000000edd00000, 0x00000000edd00000| Complete 
| 222|0x00000000ede00000, 0x00000000edf00000, 0x00000000edf00000|100%| E|CS|TAMS 0x00000000ede00000, 0x00000000ede00000| Complete 
| 223|0x00000000edf00000, 0x00000000ee000000, 0x00000000ee000000|100%| E|CS|TAMS 0x00000000edf00000, 0x00000000edf00000| Complete 
| 224|0x00000000ee000000, 0x00000000ee100000, 0x00000000ee100000|100%| E|CS|TAMS 0x00000000ee000000, 0x00000000ee000000| Complete 
| 225|0x00000000ee100000, 0x00000000ee200000, 0x00000000ee200000|100%| E|CS|TAMS 0x00000000ee100000, 0x00000000ee100000| Complete 
| 226|0x00000000ee200000, 0x00000000ee300000, 0x00000000ee300000|100%| E|CS|TAMS 0x00000000ee200000, 0x00000000ee200000| Complete 
| 227|0x00000000ee300000, 0x00000000ee400000, 0x00000000ee400000|100%| E|CS|TAMS 0x00000000ee300000, 0x00000000ee300000| Complete 
| 228|0x00000000ee400000, 0x00000000ee500000, 0x00000000ee500000|100%| E|CS|TAMS 0x00000000ee400000, 0x00000000ee400000| Complete 
| 229|0x00000000ee500000, 0x00000000ee600000, 0x00000000ee600000|100%| E|CS|TAMS 0x00000000ee500000, 0x00000000ee500000| Complete 
| 230|0x00000000ee600000, 0x00000000ee700000, 0x00000000ee700000|100%| E|CS|TAMS 0x00000000ee600000, 0x00000000ee600000| Complete 
| 231|0x00000000ee700000, 0x00000000ee800000, 0x00000000ee800000|100%| E|CS|TAMS 0x00000000ee700000, 0x00000000ee700000| Complete 
| 232|0x00000000ee800000, 0x00000000ee900000, 0x00000000ee900000|100%| E|CS|TAMS 0x00000000ee800000, 0x00000000ee800000| Complete 
| 233|0x00000000ee900000, 0x00000000eea00000, 0x00000000eea00000|100%| E|CS|TAMS 0x00000000ee900000, 0x00000000ee900000| Complete 
| 234|0x00000000eea00000, 0x00000000eeb00000, 0x00000000eeb00000|100%| E|CS|TAMS 0x00000000eea00000, 0x00000000eea00000| Complete 
| 235|0x00000000eeb00000, 0x00000000eec00000, 0x00000000eec00000|100%| E|CS|TAMS 0x00000000eeb00000, 0x00000000eeb00000| Complete 
| 236|0x00000000eec00000, 0x00000000eed00000, 0x00000000eed00000|100%| E|CS|TAMS 0x00000000eec00000, 0x00000000eec00000| Complete 
| 237|0x00000000eed00000, 0x00000000eee00000, 0x00000000eee00000|100%| E|CS|TAMS 0x00000000eed00000, 0x00000000eed00000| Complete 
| 238|0x00000000eee00000, 0x00000000eef00000, 0x00000000eef00000|100%| E|CS|TAMS 0x00000000eee00000, 0x00000000eee00000| Complete 
| 239|0x00000000eef00000, 0x00000000ef000000, 0x00000000ef000000|100%| E|CS|TAMS 0x00000000eef00000, 0x00000000eef00000| Complete 
| 240|0x00000000ef000000, 0x00000000ef100000, 0x00000000ef100000|100%| E|CS|TAMS 0x00000000ef000000, 0x00000000ef000000| Complete 
| 241|0x00000000ef100000, 0x00000000ef200000, 0x00000000ef200000|100%| E|CS|TAMS 0x00000000ef100000, 0x00000000ef100000| Complete 
| 242|0x00000000ef200000, 0x00000000ef300000, 0x00000000ef300000|100%| E|CS|TAMS 0x00000000ef200000, 0x00000000ef200000| Complete 
| 243|0x00000000ef300000, 0x00000000ef400000, 0x00000000ef400000|100%| E|CS|TAMS 0x00000000ef300000, 0x00000000ef300000| Complete 
| 244|0x00000000ef400000, 0x00000000ef500000, 0x00000000ef500000|100%| E|CS|TAMS 0x00000000ef400000, 0x00000000ef400000| Complete 
| 245|0x00000000ef500000, 0x00000000ef600000, 0x00000000ef600000|100%| E|CS|TAMS 0x00000000ef500000, 0x00000000ef500000| Complete 
| 246|0x00000000ef600000, 0x00000000ef700000, 0x00000000ef700000|100%| E|CS|TAMS 0x00000000ef600000, 0x00000000ef600000| Complete 
| 247|0x00000000ef700000, 0x00000000ef800000, 0x00000000ef800000|100%| E|CS|TAMS 0x00000000ef700000, 0x00000000ef700000| Complete 
| 248|0x00000000ef800000, 0x00000000ef900000, 0x00000000ef900000|100%| E|CS|TAMS 0x00000000ef800000, 0x00000000ef800000| Complete 
| 249|0x00000000ef900000, 0x00000000efa00000, 0x00000000efa00000|100%| E|CS|TAMS 0x00000000ef900000, 0x00000000ef900000| Complete 
| 250|0x00000000efa00000, 0x00000000efb00000, 0x00000000efb00000|100%| E|CS|TAMS 0x00000000efa00000, 0x00000000efa00000| Complete 
| 251|0x00000000efb00000, 0x00000000efc00000, 0x00000000efc00000|100%| E|CS|TAMS 0x00000000efb00000, 0x00000000efb00000| Complete 
| 252|0x00000000efc00000, 0x00000000efd00000, 0x00000000efd00000|100%| E|CS|TAMS 0x00000000efc00000, 0x00000000efc00000| Complete 
| 253|0x00000000efd00000, 0x00000000efe00000, 0x00000000efe00000|100%| E|CS|TAMS 0x00000000efd00000, 0x00000000efd00000| Complete 

Card table byte_map: [0x0000023f29ad0000,0x0000023f29bd0000] _byte_map_base: 0x0000023f293d0000

Marking Bits (Prev, Next): (CMBitMap*) 0x0000023f165e1dd0, (CMBitMap*) 0x0000023f165e1d98
 Prev Bits: [0x0000023f2a4d0000, 0x0000023f2acd0000)
 Next Bits: [0x0000023f29cd0000, 0x0000023f2a4d0000)

Polling page: 0x0000023f14570000

Metaspace:

Usage:
  Non-class:     27.64 MB capacity,    27.17 MB ( 98%) used,   429.37 KB (  2%) free+waste,    51.25 KB ( <1%) overhead. 
      Class:      4.69 MB capacity,     4.47 MB ( 95%) used,   196.74 KB (  4%) free+waste,    25.38 KB ( <1%) overhead. 
       Both:     32.33 MB capacity,    31.64 MB ( 98%) used,   626.11 KB (  2%) free+waste,    76.63 KB ( <1%) overhead. 

Virtual space:
  Non-class space:       28.00 MB reserved,      27.67 MB ( 99%) committed 
      Class space:      248.00 MB reserved,       4.75 MB (  2%) committed 
             Both:      276.00 MB reserved,      32.42 MB ( 12%) committed 

Chunk freelists:
   Non-Class:  30.00 KB
       Class:  1.00 KB
        Both:  31.00 KB

MaxMetaspaceSize: 256.00 MB
CompressedClassSpaceSize: 248.00 MB

CodeHeap 'non-profiled nmethods': size=120000Kb used=1705Kb max_used=1705Kb free=118294Kb
 bounds [0x0000023f22170000, 0x0000023f223e0000, 0x0000023f296a0000]
CodeHeap 'profiled nmethods': size=120000Kb used=6785Kb max_used=6785Kb free=113214Kb
 bounds [0x0000023f1ac40000, 0x0000023f1b2f0000, 0x0000023f22170000]
CodeHeap 'non-nmethods': size=5760Kb used=2230Kb max_used=2270Kb free=3529Kb
 bounds [0x0000023f1a6a0000, 0x0000023f1a910000, 0x0000023f1ac40000]
 total_blobs=5116 nmethods=3013 adapters=678
 compilation: enabled
              stopped_count=0, restarted_count=0
 full_count=0

Compilation events (20 events):
Event: 7.062 Thread 0x0000023f31e5c000 nmethod 3200 0x0000023f22312d10 code [0x0000023f22312ee0, 0x0000023f22313138]
Event: 7.063 Thread 0x0000023f2d715000 nmethod 3202 0x0000023f1b2d1490 code [0x0000023f1b2d1740, 0x0000023f1b2d23f0]
Event: 7.064 Thread 0x0000023f2d715000 3205       3       com.google.common.collect.AbstractMapBasedMultimap::put (92 bytes)
Event: 7.064 Thread 0x0000023f2d715000 nmethod 3205 0x0000023f1b2d2890 code [0x0000023f1b2d2ac0, 0x0000023f1b2d3380]
Event: 7.064 Thread 0x0000023f2d715000 3203       3       java.lang.reflect.ProxyGenerator::code_astore (11 bytes)
Event: 7.064 Thread 0x0000023f2d715000 nmethod 3203 0x0000023f1b2d3590 code [0x0000023f1b2d3740, 0x0000023f1b2d3910]
Event: 7.065 Thread 0x0000023f31e5c000 3206       4       org.objectweb.asm.Type::getInternalName (16 bytes)
Event: 7.075 Thread 0x0000023f2d715000 3210       3       java.util.regex.Pattern::compile (10 bytes)
Event: 7.075 Thread 0x0000023f2d715000 nmethod 3210 0x0000023f1b2d3a10 code [0x0000023f1b2d3bc0, 0x0000023f1b2d3dd0]
Event: 7.075 Thread 0x0000023f2d715000 3211   !   3       java.util.regex.Pattern::<init> (144 bytes)
Event: 7.075 Thread 0x0000023f31e5c000 nmethod 3206 0x0000023f22313390 code [0x0000023f22313540, 0x0000023f22313a58]
Event: 7.075 Thread 0x0000023f31e5c000 3207       4       com.google.common.collect.RegularImmutableSet::iterator (5 bytes)
Event: 7.077 Thread 0x0000023f2d715000 nmethod 3211 0x0000023f1b2d3e90 code [0x0000023f1b2d41e0, 0x0000023f1b2d5640]
Event: 7.078 Thread 0x0000023f2d715000 3212       3       com.google.common.collect.LinkedHashMultimap$ValueSet::<init> (55 bytes)
Event: 7.078 Thread 0x0000023f2d715000 nmethod 3212 0x0000023f1b2d5c90 code [0x0000023f1b2d5ea0, 0x0000023f1b2d6470]
Event: 7.083 Thread 0x0000023f31e5c000 nmethod 3207 0x0000023f22313d10 code [0x0000023f22313ec0, 0x0000023f223141a8]
Event: 7.083 Thread 0x0000023f31e5c000 3208       4       org.gradle.internal.instantiation.AbstractClassGenerator$InjectionAnnotationValidator::validateMethod (160 bytes)
Event: 7.106 Thread 0x0000023f2d715000 3213       3       java.lang.Class::getDeclaredConstructors (27 bytes)
Event: 7.107 Thread 0x0000023f2d715000 nmethod 3213 0x0000023f1b2d6610 code [0x0000023f1b2d6800, 0x0000023f1b2d6b20]
Event: 7.110 Thread 0x0000023f2d715000 3214       3       com.google.common.base.Equivalence$Wrapper::equals (53 bytes)

GC Heap History (6 events):
Event: 0.992 GC heap before
{Heap before GC invocations=0 (full 0):
 garbage-first heap   total 260096K, used 26624K [0x00000000e0000000, 0x0000000100000000)
  region size 1024K, 24 young (24576K), 0 survivors (0K)
 Metaspace       used 3880K, capacity 6591K, committed 6784K, reserved 262144K
  class space    used 498K, capacity 770K, committed 896K, reserved 253952K
}
Event: 0.999 GC heap after
{Heap after GC invocations=1 (full 0):
 garbage-first heap   total 260096K, used 7755K [0x00000000e0000000, 0x0000000100000000)
  region size 1024K, 3 young (3072K), 3 survivors (3072K)
 Metaspace       used 3880K, capacity 6591K, committed 6784K, reserved 262144K
  class space    used 498K, capacity 770K, committed 896K, reserved 253952K
}
Event: 4.510 GC heap before
{Heap before GC invocations=1 (full 0):
 garbage-first heap   total 260096K, used 122443K [0x00000000e0000000, 0x0000000100000000)
  region size 1024K, 116 young (118784K), 3 survivors (3072K)
 Metaspace       used 20729K, capacity 21154K, committed 21296K, reserved 272384K
  class space    used 2941K, capacity 3108K, committed 3200K, reserved 253952K
}
Event: 4.527 GC heap after
{Heap after GC invocations=2 (full 0):
 garbage-first heap   total 260096K, used 17749K [0x00000000e0000000, 0x0000000100000000)
  region size 1024K, 13 young (13312K), 13 survivors (13312K)
 Metaspace       used 20729K, capacity 21154K, committed 21296K, reserved 272384K
  class space    used 2941K, capacity 3108K, committed 3200K, reserved 253952K
}
Event: 6.204 GC heap before
{Heap before GC invocations=3 (full 0):
 garbage-first heap   total 260096K, used 99669K [0x00000000e0000000, 0x0000000100000000)
  region size 1024K, 91 young (93184K), 13 survivors (13312K)
 Metaspace       used 29879K, capacity 30579K, committed 30768K, reserved 280576K
  class space    used 4158K, capacity 4391K, committed 4480K, reserved 253952K
}
Event: 6.219 GC heap after
{Heap after GC invocations=4 (full 0):
 garbage-first heap   total 260096K, used 22309K [0x00000000e0000000, 0x0000000100000000)
  region size 1024K, 5 young (5120K), 5 survivors (5120K)
 Metaspace       used 29879K, capacity 30579K, committed 30768K, reserved 280576K
  class space    used 4158K, capacity 4391K, committed 4480K, reserved 253952K
}

Deoptimization events (20 events):
Event: 5.697 Thread 0x0000023f2f93e000 DEOPT PACKING pc=0x0000023f22215d34 sp=0x000000544f0fa810
Event: 5.697 Thread 0x0000023f2f93e000 DEOPT UNPACKING pc=0x0000023f1a6c922f sp=0x000000544f0fa7b8 mode 2
Event: 5.712 Thread 0x0000023f2f93e000 Uncommon trap: trap_request=0xffffff4d fr.pc=0x0000023f221bf6d0 relative=0x0000000000000ab0
Event: 5.712 Thread 0x0000023f2f93e000 Uncommon trap: reason=unstable_if action=reinterpret pc=0x0000023f221bf6d0 method=java.io.WinNTFileSystem.resolve(Ljava/lang/String;Ljava/lang/String;)Ljava/lang/String; @ 83 c2
Event: 5.712 Thread 0x0000023f2f93e000 DEOPT PACKING pc=0x0000023f221bf6d0 sp=0x000000544f0f9d30
Event: 5.712 Thread 0x0000023f2f93e000 DEOPT UNPACKING pc=0x0000023f1a6c922f sp=0x000000544f0f9ce8 mode 2
Event: 5.715 Thread 0x0000023f2f93e000 DEOPT PACKING pc=0x0000023f1ac99870 sp=0x000000544f0f5a70
Event: 5.715 Thread 0x0000023f2f93e000 DEOPT UNPACKING pc=0x0000023f1a6c904e sp=0x000000544f0f4ef8 mode 0
Event: 5.748 Thread 0x0000023f2f93e000 Uncommon trap: trap_request=0xffffff6e fr.pc=0x0000023f2228f084 relative=0x00000000000007c4
Event: 5.748 Thread 0x0000023f2f93e000 Uncommon trap: reason=speculate_class_check action=maybe_recompile pc=0x0000023f2228f084 method=java.lang.reflect.Executable.declaredAnnotations()Ljava/util/Map; @ 23 c2
Event: 5.748 Thread 0x0000023f2f93e000 DEOPT PACKING pc=0x0000023f2228f084 sp=0x000000544f0f9b60
Event: 5.748 Thread 0x0000023f2f93e000 DEOPT UNPACKING pc=0x0000023f1a6c922f sp=0x000000544f0f9aa0 mode 2
Event: 5.771 Thread 0x0000023f2f93e000 Uncommon trap: trap_request=0xffffff6e fr.pc=0x0000023f2228f084 relative=0x00000000000007c4
Event: 5.772 Thread 0x0000023f2f93e000 Uncommon trap: reason=speculate_class_check action=maybe_recompile pc=0x0000023f2228f084 method=java.lang.reflect.Executable.declaredAnnotations()Ljava/util/Map; @ 23 c2
Event: 5.772 Thread 0x0000023f2f93e000 DEOPT PACKING pc=0x0000023f2228f084 sp=0x000000544f0fa7d0
Event: 5.772 Thread 0x0000023f2f93e000 DEOPT UNPACKING pc=0x0000023f1a6c922f sp=0x000000544f0fa710 mode 2
Event: 5.796 Thread 0x0000023f2f93e000 Uncommon trap: trap_request=0xffffff6e fr.pc=0x0000023f2228f084 relative=0x00000000000007c4
Event: 5.796 Thread 0x0000023f2f93e000 Uncommon trap: reason=speculate_class_check action=maybe_recompile pc=0x0000023f2228f084 method=java.lang.reflect.Executable.declaredAnnotations()Ljava/util/Map; @ 23 c2
Event: 5.796 Thread 0x0000023f2f93e000 DEOPT PACKING pc=0x0000023f2228f084 sp=0x000000544f0fa870
Event: 5.796 Thread 0x0000023f2f93e000 DEOPT UNPACKING pc=0x0000023f1a6c922f sp=0x000000544f0fa7b0 mode 2

Classes redefined (0 events):
No events

Internal exceptions (20 events):
Event: 6.765 Thread 0x0000023f2f93e000 Exception <a 'java/lang/ClassNotFoundException'{0x00000000ee2e0258}: org/gradle/api/internal/AbstractTaskBeanInfo> (0x00000000ee2e0258) thrown at [c:/BuildAgent/work/1eae4dac1d648407/src/hotspot/share/classfile/systemDictionary.cpp, line 231]
Event: 6.767 Thread 0x0000023f2f93e000 Exception <a 'java/lang/ClassNotFoundException'{0x00000000ee2f0750}: org/gradle/api/internal/AbstractTaskCustomizer> (0x00000000ee2f0750) thrown at [c:/BuildAgent/work/1eae4dac1d648407/src/hotspot/share/classfile/systemDictionary.cpp, line 231]
Event: 6.773 Thread 0x0000023f2f93e000 Exception <a 'java/lang/ClassNotFoundException'{0x00000000ee13e0d0}: org/gradle/api/DefaultTaskCustomizer> (0x00000000ee13e0d0) thrown at [c:/BuildAgent/work/1eae4dac1d648407/src/hotspot/share/classfile/systemDictionary.cpp, line 231]
Event: 6.774 Thread 0x0000023f2f93e000 Exception <a 'java/lang/ClassNotFoundException'{0x00000000ee158a98}: org/gradle/api/internal/ConventionTaskCustomizer> (0x00000000ee158a98) thrown at [c:/BuildAgent/work/1eae4dac1d648407/src/hotspot/share/classfile/systemDictionary.cpp, line 231]
Event: 6.777 Thread 0x0000023f2f93e000 Exception <a 'java/lang/ClassNotFoundException'{0x00000000ee175218}: org/gradle/api/tasks/JavaExecCustomizer> (0x00000000ee175218) thrown at [c:/BuildAgent/work/1eae4dac1d648407/src/hotspot/share/classfile/systemDictionary.cpp, line 231]
Event: 6.785 Thread 0x0000023f2f93e000 Exception <a 'java/lang/ClassNotFoundException'{0x00000000ee1d1d28}: org/gradle/api/tasks/JavaExec_DecoratedCustomizer> (0x00000000ee1d1d28) thrown at [c:/BuildAgent/work/1eae4dac1d648407/src/hotspot/share/classfile/systemDictionary.cpp, line 231]
Event: 6.822 Thread 0x0000023f2f93e000 Exception <a 'java/lang/ClassNotFoundException'{0x00000000ede84250}: org/gradle/api/internal/tasks/DefaultSourceSetContainer_DecoratedBeanInfo> (0x00000000ede84250) thrown at [c:/BuildAgent/work/1eae4dac1d648407/src/hotspot/share/classfile/systemDictionar
Event: 6.824 Thread 0x0000023f2f93e000 Exception <a 'java/lang/ClassNotFoundException'{0x00000000ede9e288}: org/gradle/api/internal/tasks/DefaultSourceSetContainerBeanInfo> (0x00000000ede9e288) thrown at [c:/BuildAgent/work/1eae4dac1d648407/src/hotspot/share/classfile/systemDictionary.cpp, lin
Event: 6.825 Thread 0x0000023f2f93e000 Exception <a 'java/lang/ClassNotFoundException'{0x00000000edeb0f98}: org/gradle/api/internal/AbstractValidatingNamedDomainObjectContainerBeanInfo> (0x00000000edeb0f98) thrown at [c:/BuildAgent/work/1eae4dac1d648407/src/hotspot/share/classfile/systemDictio
Event: 6.826 Thread 0x0000023f2f93e000 Exception <a 'java/lang/ClassNotFoundException'{0x00000000edec2cf8}: org/gradle/api/internal/AbstractNamedDomainObjectContainerBeanInfo> (0x00000000edec2cf8) thrown at [c:/BuildAgent/work/1eae4dac1d648407/src/hotspot/share/classfile/systemDictionary.cpp, 
Event: 6.826 Thread 0x0000023f2f93e000 Exception <a 'java/lang/ClassNotFoundException'{0x00000000eded51e8}: org/gradle/api/internal/AbstractNamedDomainObjectContainerCustomizer> (0x00000000eded51e8) thrown at [c:/BuildAgent/work/1eae4dac1d648407/src/hotspot/share/classfile/systemDictionary.cpp
Event: 6.832 Thread 0x0000023f2f93e000 Exception <a 'java/lang/ClassNotFoundException'{0x00000000edefafa8}: org/gradle/api/internal/AbstractValidatingNamedDomainObjectContainerCustomizer> (0x00000000edefafa8) thrown at [c:/BuildAgent/work/1eae4dac1d648407/src/hotspot/share/classfile/systemDict
Event: 6.835 Thread 0x0000023f2f93e000 Exception <a 'java/lang/ClassNotFoundException'{0x00000000edd20a20}: org/gradle/api/internal/tasks/DefaultSourceSetContainerCustomizer> (0x00000000edd20a20) thrown at [c:/BuildAgent/work/1eae4dac1d648407/src/hotspot/share/classfile/systemDictionary.cpp, l
Event: 6.837 Thread 0x0000023f2f93e000 Exception <a 'java/lang/ClassNotFoundException'{0x00000000edd499a0}: org/gradle/api/internal/tasks/DefaultSourceSetContainer_DecoratedCustomizer> (0x00000000edd499a0) thrown at [c:/BuildAgent/work/1eae4dac1d648407/src/hotspot/share/classfile/systemDiction
Event: 6.856 Thread 0x0000023f2f93e000 Exception <a 'java/lang/ClassNotFoundException'{0x00000000edddb040}: org/gradle/api/internal/tasks/DefaultSourceSet_DecoratedBeanInfo> (0x00000000edddb040) thrown at [c:/BuildAgent/work/1eae4dac1d648407/src/hotspot/share/classfile/systemDictionary.cpp, li
Event: 6.857 Thread 0x0000023f2f93e000 Exception <a 'java/lang/ClassNotFoundException'{0x00000000eddf4d88}: org/gradle/api/internal/tasks/DefaultSourceSetBeanInfo> (0x00000000eddf4d88) thrown at [c:/BuildAgent/work/1eae4dac1d648407/src/hotspot/share/classfile/systemDictionary.cpp, line 231]
Event: 6.859 Thread 0x0000023f2f93e000 Exception <a 'java/lang/ClassNotFoundException'{0x00000000edc0ef80}: org/gradle/api/internal/tasks/DefaultSourceSetCustomizer> (0x00000000edc0ef80) thrown at [c:/BuildAgent/work/1eae4dac1d648407/src/hotspot/share/classfile/systemDictionary.cpp, line 231]
Event: 6.862 Thread 0x0000023f2f93e000 Exception <a 'java/lang/ClassNotFoundException'{0x00000000edc464e0}: org/gradle/api/internal/tasks/DefaultSourceSet_DecoratedCustomizer> (0x00000000edc464e0) thrown at [c:/BuildAgent/work/1eae4dac1d648407/src/hotspot/share/classfile/systemDictionary.cpp, 
Event: 6.872 Thread 0x0000023f2f93e000 Exception <a 'java/lang/ClassNotFoundException'{0x00000000edcba1d8}: java/lang/SystemBeanInfo> (0x00000000edcba1d8) thrown at [c:/BuildAgent/work/1eae4dac1d648407/src/hotspot/share/classfile/systemDictionary.cpp, line 231]
Event: 6.873 Thread 0x0000023f2f93e000 Exception <a 'java/lang/ClassNotFoundException'{0x00000000edcc17d0}: java/lang/SystemCustomizer> (0x00000000edcc17d0) thrown at [c:/BuildAgent/work/1eae4dac1d648407/src/hotspot/share/classfile/systemDictionary.cpp, line 231]

Events (20 events):
Event: 7.094 loading class org/gradle/api/internal/file/DefaultFilePropertyFactory$DefaultRegularFileVar
Event: 7.094 loading class org/gradle/api/internal/file/DefaultFilePropertyFactory$DefaultRegularFileVar done
Event: 7.095 loading class org/gradle/api/internal/file/DefaultFilePropertyFactory$DefaultDirectoryVar$4
Event: 7.095 loading class org/gradle/api/internal/file/DefaultFilePropertyFactory$DefaultDirectoryVar$4 done
Event: 7.095 loading class org/gradle/api/internal/provider/AbstractCombiningProvider
Event: 7.095 loading class org/gradle/api/internal/provider/AbstractCombiningProvider done
Event: 7.097 loading class org/gradle/api/java/archives/internal/DefaultManifest
Event: 7.097 loading class org/gradle/api/java/archives/internal/DefaultManifest done
Event: 7.098 loading class org/gradle/api/java/archives/internal/ManifestInternal
Event: 7.098 loading class org/gradle/api/java/archives/internal/ManifestInternal done
Event: 7.099 loading class org/gradle/api/java/archives/Attributes
Event: 7.099 loading class org/gradle/api/java/archives/Attributes done
Event: 7.100 loading class org/gradle/api/java/archives/internal/DefaultAttributes
Event: 7.100 loading class org/gradle/api/java/archives/internal/DefaultAttributes done
Event: 7.101 loading class org/gradle/api/java/archives/ManifestException
Event: 7.101 loading class org/gradle/api/java/archives/ManifestException done
Event: 7.107 loading class org/gradle/jvm/tasks/Jar$1
Event: 7.107 loading class org/gradle/jvm/tasks/Jar$1 done
Event: 7.108 loading class org/gradle/jvm/tasks/Jar$2
Event: 7.108 loading class org/gradle/jvm/tasks/Jar$2 done


Dynamic libraries:
0x00007ff758820000 - 0x00007ff75882a000 	D:\software\IntelliJ IDEA 2020.1\jbr\bin\java.exe
0x00007ffe972e0000 - 0x00007ffe974d0000 	C:\WINDOWS\SYSTEM32\ntdll.dll
0x00007ffe95c80000 - 0x00007ffe95d32000 	C:\WINDOWS\System32\KERNEL32.DLL
0x00007ffe94f90000 - 0x00007ffe95233000 	C:\WINDOWS\System32\KERNELBASE.dll
0x00007ffe94dc0000 - 0x00007ffe94eba000 	C:\WINDOWS\System32\ucrtbase.dll
0x00007ffe8e920000 - 0x00007ffe8e939000 	D:\software\IntelliJ IDEA 2020.1\jbr\bin\jli.dll
0x00007ffe8f8a0000 - 0x00007ffe8f8b7000 	D:\software\IntelliJ IDEA 2020.1\jbr\bin\VCRUNTIME140.dll
0x00007ffe96330000 - 0x00007ffe964c4000 	C:\WINDOWS\System32\USER32.dll
0x00007ffe943c0000 - 0x00007ffe943e1000 	C:\WINDOWS\System32\win32u.dll
0x00007ffe95510000 - 0x00007ffe95536000 	C:\WINDOWS\System32\GDI32.dll
0x00007ffe74c60000 - 0x00007ffe74ee5000 	C:\WINDOWS\WinSxS\amd64_microsoft.windows.common-controls_6595b64144ccf1df_6.0.18362.778_none_e6c6b761130d4fb8\COMCTL32.dll
0x00007ffe94bf0000 - 0x00007ffe94d84000 	C:\WINDOWS\System32\gdi32full.dll
0x00007ffe970c0000 - 0x00007ffe9715e000 	C:\WINDOWS\System32\msvcrt.dll
0x00007ffe94270000 - 0x00007ffe9430e000 	C:\WINDOWS\System32\msvcp_win.dll
0x00007ffe95f90000 - 0x00007ffe962c6000 	C:\WINDOWS\System32\combase.dll
0x00007ffe96fa0000 - 0x00007ffe970c0000 	C:\WINDOWS\System32\RPCRT4.dll
0x00007ffe94b70000 - 0x00007ffe94bf0000 	C:\WINDOWS\System32\bcryptPrimitives.dll
0x00007ffe954e0000 - 0x00007ffe9550e000 	C:\WINDOWS\System32\IMM32.DLL
0x00007ffe73010000 - 0x00007ffe730ad000 	D:\software\IntelliJ IDEA 2020.1\jbr\bin\msvcp140.dll
0x00007ffe42f90000 - 0x00007ffe43a4d000 	D:\software\IntelliJ IDEA 2020.1\jbr\bin\server\jvm.dll
0x00007ffe95bd0000 - 0x00007ffe95c73000 	C:\WINDOWS\System32\ADVAPI32.dll
0x00007ffe95440000 - 0x00007ffe954d7000 	C:\WINDOWS\System32\sechost.dll
0x00007ffe95bc0000 - 0x00007ffe95bc8000 	C:\WINDOWS\System32\PSAPI.DLL
0x00007ffe79d70000 - 0x00007ffe79d79000 	C:\WINDOWS\SYSTEM32\WSOCK32.dll
0x00007ffe80e90000 - 0x00007ffe80e9a000 	C:\WINDOWS\SYSTEM32\VERSION.dll
0x00007ffe91260000 - 0x00007ffe91284000 	C:\WINDOWS\SYSTEM32\WINMM.dll
0x00007ffe95da0000 - 0x00007ffe95e0f000 	C:\WINDOWS\System32\WS2_32.dll
0x00007ffe911b0000 - 0x00007ffe911dd000 	C:\WINDOWS\SYSTEM32\WINMMBASE.dll
0x00007ffe94310000 - 0x00007ffe9435a000 	C:\WINDOWS\System32\cfgmgr32.dll
0x00007ffe94200000 - 0x00007ffe94211000 	C:\WINDOWS\System32\kernel.appcore.dll
0x00007ffe91580000 - 0x00007ffe91591000 	D:\software\IntelliJ IDEA 2020.1\jbr\bin\verify.dll
0x00007ffe92ab0000 - 0x00007ffe92ca4000 	C:\WINDOWS\SYSTEM32\DBGHELP.DLL
0x00007ffe80ef0000 - 0x00007ffe80f1a000 	C:\WINDOWS\SYSTEM32\dbgcore.DLL
0x00007ffe91480000 - 0x00007ffe914a9000 	D:\software\IntelliJ IDEA 2020.1\jbr\bin\java.dll
0x00007ffe91460000 - 0x00007ffe91478000 	D:\software\IntelliJ IDEA 2020.1\jbr\bin\zip.dll
0x00007ffe91450000 - 0x00007ffe9145b000 	D:\software\IntelliJ IDEA 2020.1\jbr\bin\jimage.dll
0x00007ffe96830000 - 0x00007ffe96f15000 	C:\WINDOWS\System32\SHELL32.dll
0x00007ffe96780000 - 0x00007ffe96829000 	C:\WINDOWS\System32\shcore.dll
0x00007ffe943f0000 - 0x00007ffe94b70000 	C:\WINDOWS\System32\windows.storage.dll
0x00007ffe94240000 - 0x00007ffe94263000 	C:\WINDOWS\System32\profapi.dll
0x00007ffe941b0000 - 0x00007ffe941fa000 	C:\WINDOWS\System32\powrprof.dll
0x00007ffe941a0000 - 0x00007ffe941b0000 	C:\WINDOWS\System32\UMPDC.dll
0x00007ffe95540000 - 0x00007ffe95592000 	C:\WINDOWS\System32\shlwapi.dll
0x00007ffe94ec0000 - 0x00007ffe94ed7000 	C:\WINDOWS\System32\cryptsp.dll
0x00007ffe8b9b0000 - 0x00007ffe8b9ca000 	D:\software\IntelliJ IDEA 2020.1\jbr\bin\net.dll
0x00007ffe91e60000 - 0x00007ffe91f50000 	C:\WINDOWS\SYSTEM32\WINHTTP.dll
0x00007ffe93a10000 - 0x00007ffe93a77000 	C:\WINDOWS\system32\mswsock.dll
0x00007ffe86aa0000 - 0x00007ffe86ab4000 	D:\software\IntelliJ IDEA 2020.1\jbr\bin\nio.dll
0x00007ffe79f40000 - 0x00007ffe79f66000 	C:\Users\gzouxu\.gradle\native\28\windows-amd64\native-platform.dll
0x00007ffe8e940000 - 0x00007ffe8e94a000 	D:\software\IntelliJ IDEA 2020.1\jbr\bin\management.dll
0x00007ffe8cf30000 - 0x00007ffe8cf3c000 	D:\software\IntelliJ IDEA 2020.1\jbr\bin\management_ext.dll
0x00007ffe93580000 - 0x00007ffe935b3000 	C:\WINDOWS\system32\rsaenh.dll
0x00007ffe94d90000 - 0x00007ffe94db6000 	C:\WINDOWS\System32\bcrypt.dll
0x00007ffe940c0000 - 0x00007ffe940e5000 	C:\WINDOWS\SYSTEM32\USERENV.dll
0x00007ffe93be0000 - 0x00007ffe93bec000 	C:\WINDOWS\SYSTEM32\CRYPTBASE.dll
0x00007ffe93720000 - 0x00007ffe9375a000 	C:\WINDOWS\SYSTEM32\IPHLPAPI.DLL
0x00007ffe95f80000 - 0x00007ffe95f88000 	C:\WINDOWS\System32\NSI.dll
0x00007ffe8b2c0000 - 0x00007ffe8b2d6000 	C:\WINDOWS\SYSTEM32\dhcpcsvc6.DLL
0x00007ffe8b9e0000 - 0x00007ffe8b9fc000 	C:\WINDOWS\SYSTEM32\dhcpcsvc.DLL
0x00007ffe93760000 - 0x00007ffe9382a000 	C:\WINDOWS\SYSTEM32\DNSAPI.dll

dbghelp: loaded successfully - version: 4.0.5 - missing functions: none
symbol engine: initialized successfully - sym options: 0x614 - pdb path: .;D:\software\IntelliJ IDEA 2020.1\jbr\bin;C:\WINDOWS\SYSTEM32;C:\WINDOWS\WinSxS\amd64_microsoft.windows.common-controls_6595b64144ccf1df_6.0.18362.778_none_e6c6b761130d4fb8;D:\software\IntelliJ IDEA 2020.1\jbr\bin\server;C:\Users\gzouxu\.gradle\native\28\windows-amd64

VM Arguments:
jvm_args: --add-opens=java.base/java.util=ALL-UNNAMED --add-opens=java.base/java.lang=ALL-UNNAMED --add-opens=java.base/java.lang.invoke=ALL-UNNAMED --add-opens=java.prefs/java.util.prefs=ALL-UNNAMED -XX:MaxMetaspaceSize=256m -XX:+HeapDumpOnOutOfMemoryError -Xmx512m -Dfile.encoding=GBK -Duser.country=CN -Duser.language=zh -Duser.variant 
java_command: org.gradle.launcher.daemon.bootstrap.GradleDaemon 5.2.1
java_class_path (initial): C:\Users\gzouxu\.gradle\wrapper\dists\gradle-5.2.1-all\bviwmvmbexq6idcscbicws5me\gradle-5.2.1\lib\gradle-launcher-5.2.1.jar
Launcher Type: SUN_STANDARD

[Global flags]
     intx CICompilerCount                          = 4                                         {product} {ergonomic}
   size_t CompressedClassSpaceSize                 = 260046848                                 {product} {ergonomic}
     uint ConcGCThreads                            = 2                                         {product} {ergonomic}
     uint G1ConcRefinementThreads                  = 8                                         {product} {ergonomic}
   size_t G1HeapRegionSize                         = 1048576                                   {product} {ergonomic}
    uintx GCDrainStackTargetSize                   = 64                                        {product} {ergonomic}
     bool HeapDumpOnOutOfMemoryError               = true                                   {manageable} {command line}
   size_t InitialHeapSize                          = 266338304                                 {product} {ergonomic}
   size_t MarkStackSize                            = 4194304                                   {product} {ergonomic}
   size_t MaxHeapSize                              = 536870912                                 {product} {command line}
   size_t MaxMetaspaceSize                         = 268435456                                 {product} {command line}
   size_t MaxNewSize                               = 321912832                                 {product} {ergonomic}
   size_t MinHeapDeltaBytes                        = 1048576                                   {product} {ergonomic}
    uintx NonNMethodCodeHeapSize                   = 5836300                                {pd product} {ergonomic}
    uintx NonProfiledCodeHeapSize                  = 122910970                              {pd product} {ergonomic}
    uintx ProfiledCodeHeapSize                     = 122910970                              {pd product} {ergonomic}
    uintx ReservedCodeCacheSize                    = 251658240                              {pd product} {ergonomic}
     bool SegmentedCodeCache                       = true                                      {product} {ergonomic}
     bool UseCompressedClassPointers               = true                                 {lp64_product} {ergonomic}
     bool UseCompressedOops                        = true                                 {lp64_product} {ergonomic}
     bool UseG1GC                                  = true                                      {product} {ergonomic}
     bool UseLargePagesIndividualAllocation        = false                                  {pd product} {ergonomic}

Logging:
Log output configuration:
 #0: stdout all=warning uptime,level,tags
 #1: stderr all=off uptime,level,tags

Environment Variables:
JAVA_HOME=D:\software\java
CLASSPATH=D:\software\ant\lib
PATH=C:\Program Files (x86)\Common Files\Oracle\Java\javapath;C:\Program Files (x86)\Intel\Intel(R) Management Engine Components\iCLS\;C:\Program Files\Intel\Intel(R) Management Engine Components\iCLS\;C:\Windows\system32;C:\Windows;C:\Windows\System32\Wbem;C:\Windows\System32\WindowsPowerShell\v1.0\;C:\Windows\System32\OpenSSH\;C:\Program Files (x86)\Intel\Intel(R) Management Engine Components\DAL;C:\Program Files\Intel\Intel(R) Management Engine Components\DAL;C:\Program Files (x86)\Intel\Intel(R) Management Engine Components\IPT;C:\Program Files\Intel\Intel(R) Management Engine Components\IPT;C:\Program Files (x86)\NVIDIA Corporation\PhysX\Common;D:\software\gradle\bin;D:\software\ant\bin;D:\software\java\bin;C:\Program Files\Intel\WiFi\bin\;C:\Program Files\Common Files\Intel\WirelessCommon\;D:\software\scala\bin;D:\software\Go\bin;D:\software\nodejs\;C:\WINDOWS\system32;C:\WINDOWS;C:\WINDOWS\System32\Wbem;C:\WINDOWS\System32\WindowsPowerShell\v1.0\;C:\WINDOWS\System32\OpenSSH\;C:\Program Files\NVIDIA Corporation\NVIDIA NvDLISR;D:\software\Git\cmd;D:\software\cygwin\bin;D:\software\cmake\bin;C:\Program Files\CMake\bin;C:\Program Files\MySQL\MySQL Shell 8.0\bin\;D:\software\Microsoft VS Code\bin;D:\software\java\bin;D:\software\java\jre\bin;D:\software\lib\tools.jar;;D:\software\CLion 2020.1\bin;;D:\software\IntelliJ IDEA 2020.1\bin;
USERNAME=gzouxu
OS=Windows_NT
PROCESSOR_IDENTIFIER=Intel64 Family 6 Model 142 Stepping 10, GenuineIntel



---------------  S Y S T E M  ---------------

OS: Windows 10 , 64 bit Build 18362 (10.0.18362.778)

CPU:total 8 (initial active 8) (4 cores per cpu, 2 threads per core) family 6 model 142 stepping 10, cmov, cx8, fxsr, mmx, sse, sse2, sse3, ssse3, sse4.1, sse4.2, popcnt, avx, avx2, aes, clmul, erms, 3dnowpref, lzcnt, ht, tsc, tscinvbit, bmi1, bmi2, adx, fma

Memory: 4k page, system-wide physical 16226M (3078M free)
TotalPageFile size 26466M (AvailPageFile size 5M)
current process WorkingSet (physical memory assigned to process): 302M, peak: 304M
current process commit charge ("private bytes"): 445M, peak: 446M

vm_info: OpenJDK 64-Bit Server VM (11.0.6+8-b765.25) for windows-amd64 JRE (11.0.6+8-b765.25), built on Mar 30 2020 12:57:22 by "" with MS VC++ 14.0 (VS2015)

END.
