#
# There is insufficient memory for the Java Runtime Environment to continue.
# Native memory allocation (malloc) failed to allocate 1338736 bytes for Chunk::new
# Possible reasons:
#   The system is out of physical RAM or swap space
#   The process is running with CompressedOops enabled, and the Java Heap may be blocking the growth of the native heap
# Possible solutions:
#   Reduce memory load on the system
#   Increase physical memory or swap space
#   Check if swap backing store is full
#   Decrease Java heap size (-Xmx/-Xms)
#   Decrease number of Java threads
#   Decrease Java thread stack sizes (-Xss)
#   Set larger code cache with -XX:ReservedCodeCacheSize=
#   JVM is running with Unscaled Compressed Oops mode in which the Java heap is
#     placed in the first 4GB address space. The Java Heap base address is the
#     maximum limit for the native heap growth. Please use -XX:HeapBaseMinAddress
#     to set the Java Heap base and to place the Java Heap above 4GB virtual address.
# This output file may be truncated or incomplete.
#
#  Out of Memory Error (c:/BuildAgent/work/1eae4dac1d648407/src/hotspot/share/memory/arena.cpp:197), pid=7800, tid=22360
#
# JRE version: OpenJDK Runtime Environment (11.0.6+8) (build 11.0.6+8-b765.25)
# Java VM: OpenJDK 64-Bit Server VM (11.0.6+8-b765.25, mixed mode, sharing, tiered, compressed oops, g1 gc, windows-amd64)
# No core dump will be written. Minidumps are not enabled by default on client versions of Windows
#

---------------  S U M M A R Y ------------

Command Line: --add-opens=java.base/java.util=ALL-UNNAMED --add-opens=java.base/java.lang=ALL-UNNAMED --add-opens=java.base/java.lang.invoke=ALL-UNNAMED --add-opens=java.prefs/java.util.prefs=ALL-UNNAMED -XX:MaxMetaspaceSize=256m -XX:+HeapDumpOnOutOfMemoryError -Xmx512m -Dfile.encoding=GBK -Duser.country=CN -Duser.language=zh -Duser.variant org.gradle.launcher.daemon.bootstrap.GradleDaemon 5.2.1

Host: Intel(R) Core(TM) i7-8550U CPU @ 1.80GHz, 8 cores, 15G,  Windows 10 , 64 bit Build 18362 (10.0.18362.778)
Time: Wed Apr 22 21:13:20 2020 ?D?¡¤??¨¢?¨º¡À elapsed time: 9 seconds (0d 0h 0m 9s)

---------------  T H R E A D  ---------------

Current thread (0x000002207d592000):  JavaThread "C2 CompilerThread2" daemon [_thread_in_native, id=22360, stack(0x000000c7dc000000,0x000000c7dc100000)]


Current CompileTask:
C2:   9890 3986       4       org.gradle.api.internal.tasks.compile.incremental.deps.ClassSetAnalysisData$Serializer::readClassName (63 bytes)

Stack: [0x000000c7dc000000,0x000000c7dc100000]
Native frames: (J=compiled Java code, j=interpreted, Vv=VM code, C=native code)
V  [jvm.dll+0x5de3ca]
V  [jvm.dll+0x710ae5]
V  [jvm.dll+0x712005]
V  [jvm.dll+0x7126b3]
V  [jvm.dll+0x23e708]
V  [jvm.dll+0xb89bc]
V  [jvm.dll+0xb8ebc]
V  [jvm.dll+0x3502bb]
V  [jvm.dll+0x31ded3]
V  [jvm.dll+0x31d46a]
V  [jvm.dll+0x1f78e2]
V  [jvm.dll+0x1f6ab4]
V  [jvm.dll+0x17f90c]
V  [jvm.dll+0x204ed7]
V  [jvm.dll+0x203741]
V  [jvm.dll+0x6daa4f]
V  [jvm.dll+0x6d38ad]
V  [jvm.dll+0x5dd366]
C  [ucrtbase.dll+0x20e72]
C  [KERNEL32.DLL+0x17bd4]
C  [ntdll.dll+0x6ce51]


---------------  P R O C E S S  ---------------

Threads class SMR info:
_java_thread_list=0x000002207eed8ed0, length=50, elements={
0x0000022061a6d000, 0x0000022078bb0000, 0x0000022078bb1000, 0x0000022078bcf000,
0x0000022078bd1000, 0x0000022078bd2000, 0x0000022078bdf800, 0x0000022078be6000,
0x0000022079524800, 0x0000022079526000, 0x000002207b017000, 0x000002207abc6000,
0x000002207aa92800, 0x000002207b137000, 0x000002207a8b6800, 0x000002207a46d800,
0x000002207ae1e000, 0x000002207af94000, 0x000002207a9b7800, 0x000002207af1a000,
0x000002207af1a800, 0x000002207af19000, 0x000002207af1d000, 0x000002207af1b800,
0x000002207af1c800, 0x000002207af1e800, 0x000002207af1e000, 0x000002207d939800,
0x000002207d592000, 0x000002207b7e2800, 0x000002207b7dd800, 0x000002207b7de800,
0x000002207b7e0000, 0x000002207b7dd000, 0x000002207b7e3800, 0x000002207b7e4000,
0x000002207b7e5000, 0x000002207b7df000, 0x000002207b7e1000, 0x000002207b7e5800,
0x000002207b7e6800, 0x000002207b7e1800, 0x000002207b7eb800, 0x000002207b7e7800,
0x000002207b7e8000, 0x000002207b7e9000, 0x000002207b7ea000, 0x000002207b7ea800,
0x000002207b5d5000, 0x000002207b5d6000
}

Java Threads: ( => current thread )
  0x0000022061a6d000 JavaThread "main" [_thread_blocked, id=22568, stack(0x000000c7d9500000,0x000000c7d9600000)]
  0x0000022078bb0000 JavaThread "Reference Handler" daemon [_thread_blocked, id=11380, stack(0x000000c7d9c00000,0x000000c7d9d00000)]
  0x0000022078bb1000 JavaThread "Finalizer" daemon [_thread_blocked, id=6060, stack(0x000000c7d9d00000,0x000000c7d9e00000)]
  0x0000022078bcf000 JavaThread "Signal Dispatcher" daemon [_thread_blocked, id=23112, stack(0x000000c7d9e00000,0x000000c7d9f00000)]
  0x0000022078bd1000 JavaThread "Attach Listener" daemon [_thread_blocked, id=23280, stack(0x000000c7d9f00000,0x000000c7da000000)]
  0x0000022078bd2000 JavaThread "C2 CompilerThread0" daemon [_thread_in_native, id=21000, stack(0x000000c7da000000,0x000000c7da100000)]
  0x0000022078bdf800 JavaThread "C1 CompilerThread0" daemon [_thread_blocked, id=2288, stack(0x000000c7da100000,0x000000c7da200000)]
  0x0000022078be6000 JavaThread "Sweeper thread" daemon [_thread_blocked, id=9440, stack(0x000000c7da200000,0x000000c7da300000)]
  0x0000022079524800 JavaThread "Common-Cleaner" daemon [_thread_blocked, id=5288, stack(0x000000c7da300000,0x000000c7da400000)]
  0x0000022079526000 JavaThread "Service Thread" daemon [_thread_blocked, id=17532, stack(0x000000c7da400000,0x000000c7da500000)]
  0x000002207b017000 JavaThread "Incoming local TCP Connector on port 63472" [_thread_in_native, id=22016, stack(0x000000c7da600000,0x000000c7da700000)]
  0x000002207abc6000 JavaThread "Daemon periodic checks" [_thread_blocked, id=23596, stack(0x000000c7dac00000,0x000000c7dad00000)]
  0x000002207aa92800 JavaThread "Daemon" [_thread_blocked, id=24856, stack(0x000000c7dad00000,0x000000c7dae00000)]
  0x000002207b137000 JavaThread "Handler for socket connection from /127.0.0.1:63472 to /127.0.0.1:63473" [_thread_in_native, id=23716, stack(0x000000c7dae00000,0x000000c7daf00000)]
  0x000002207a8b6800 JavaThread "Cancel handler" [_thread_blocked, id=20428, stack(0x000000c7daf00000,0x000000c7db000000)]
  0x000002207a46d800 JavaThread "Daemon worker" [_thread_blocked, id=17272, stack(0x000000c7db000000,0x000000c7db100000)]
  0x000002207ae1e000 JavaThread "Asynchronous log dispatcher for DefaultDaemonConnection: socket connection from /127.0.0.1:63472 to /127.0.0.1:63473" [_thread_blocked, id=20512, stack(0x000000c7db100000,0x000000c7db200000)]
  0x000002207af94000 JavaThread "Stdin handler" [_thread_blocked, id=10024, stack(0x000000c7db200000,0x000000c7db300000)]
  0x000002207a9b7800 JavaThread "Thread-7" [_thread_blocked, id=16044, stack(0x000000c7db300000,0x000000c7db400000)]
  0x000002207af1a000 JavaThread "Cache worker for file hash cache (C:\Users\gzouxu\.gradle\caches\5.2.1\fileHashes)" [_thread_blocked, id=13956, stack(0x000000c7db400000,0x000000c7db500000)]
  0x000002207af1a800 JavaThread "File lock request listener" [_thread_in_native, id=21224, stack(0x000000c7db500000,0x000000c7db600000)]
  0x000002207af19000 JavaThread "Cache worker for journal cache (C:\Users\gzouxu\.gradle\caches\journal-1)" [_thread_blocked, id=14440, stack(0x000000c7db600000,0x000000c7db700000)]
  0x000002207af1d000 JavaThread "Cache worker for file hash cache (D:\code\project\unit\.gradle\5.2.1\fileHashes)" [_thread_blocked, id=13616, stack(0x000000c7db800000,0x000000c7db900000)]
  0x000002207af1b800 JavaThread "Cache worker for cache directory md-supplier (C:\Users\gzouxu\.gradle\caches\5.2.1\md-supplier)" [_thread_blocked, id=24924, stack(0x000000c7dbd00000,0x000000c7dbe00000)]
  0x000002207af1c800 JavaThread "Cache worker for cache directory md-rule (C:\Users\gzouxu\.gradle\caches\5.2.1\md-rule)" [_thread_blocked, id=11356, stack(0x000000c7db900000,0x000000c7dba00000)]
  0x000002207af1e800 JavaThread "Cache worker for Build Output Cleanup Cache (D:\code\project\unit\.gradle\buildOutputCleanup)" [_thread_blocked, id=10312, stack(0x000000c7db700000,0x000000c7db800000)]
  0x000002207af1e000 JavaThread "Cache worker for execution history cache (C:\Users\gzouxu\.gradle\caches\5.2.1\executionHistory)" [_thread_blocked, id=11532, stack(0x000000c7dbe00000,0x000000c7dbf00000)]
  0x000002207d939800 JavaThread "C2 CompilerThread1" daemon [_thread_in_native, id=13580, stack(0x000000c7dbf00000,0x000000c7dc000000)]
=>0x000002207d592000 JavaThread "C2 CompilerThread2" daemon [_thread_in_native, id=22360, stack(0x000000c7dc000000,0x000000c7dc100000)]
  0x000002207b7e2800 JavaThread "Memory manager" [_thread_blocked, id=21136, stack(0x000000c7dc100000,0x000000c7dc200000)]
  0x000002207b7dd800 JavaThread "Cache worker for file content cache (C:\Users\gzouxu\.gradle\caches\5.2.1\fileContent)" [_thread_blocked, id=8424, stack(0x000000c7dc200000,0x000000c7dc300000)]
  0x000002207b7de800 JavaThread "Cache worker for file content cache (D:\code\project\unit\.gradle\5.2.1\fileContent)" [_thread_blocked, id=19852, stack(0x000000c7dc300000,0x000000c7dc400000)]
  0x000002207b7e0000 JavaThread "Execution worker for ':'" [_thread_blocked, id=9984, stack(0x000000c7dc400000,0x000000c7dc500000)]
  0x000002207b7dd000 JavaThread "Execution worker for ':' Thread 2" [_thread_blocked, id=2988, stack(0x000000c7dc500000,0x000000c7dc600000)]
  0x000002207b7e3800 JavaThread "Execution worker for ':' Thread 3" [_thread_blocked, id=20832, stack(0x000000c7dc600000,0x000000c7dc700000)]
  0x000002207b7e4000 JavaThread "Execution worker for ':' Thread 4" [_thread_blocked, id=23712, stack(0x000000c7dc700000,0x000000c7dc800000)]
  0x000002207b7e5000 JavaThread "Execution worker for ':' Thread 5" [_thread_blocked, id=21532, stack(0x000000c7dc800000,0x000000c7dc900000)]
  0x000002207b7df000 JavaThread "Execution worker for ':' Thread 6" [_thread_in_Java, id=13720, stack(0x000000c7dc900000,0x000000c7dca00000)]
  0x000002207b7e1000 JavaThread "Execution worker for ':' Thread 7" [_thread_blocked, id=11820, stack(0x000000c7dca00000,0x000000c7dcb00000)]
  0x000002207b7e5800 JavaThread "Cache worker for execution history cache (D:\code\project\unit\.gradle\5.2.1\executionHistory)" [_thread_blocked, id=4172, stack(0x000000c7dcb00000,0x000000c7dcc00000)]
  0x000002207b7e6800 JavaThread "Build operations" [_thread_blocked, id=5432, stack(0x000000c7dcc00000,0x000000c7dcd00000)]
  0x000002207b7e1800 JavaThread "Build operations Thread 2" [_thread_blocked, id=7652, stack(0x000000c7dcd00000,0x000000c7dce00000)]
  0x000002207b7eb800 JavaThread "Build operations Thread 3" [_thread_blocked, id=12064, stack(0x000000c7dce00000,0x000000c7dcf00000)]
  0x000002207b7e7800 JavaThread "Build operations Thread 4" [_thread_blocked, id=14348, stack(0x000000c7dcf00000,0x000000c7dd000000)]
  0x000002207b7e8000 JavaThread "Build operations Thread 5" [_thread_blocked, id=17688, stack(0x000000c7dd000000,0x000000c7dd100000)]
  0x000002207b7e9000 JavaThread "Build operations Thread 6" [_thread_blocked, id=8304, stack(0x000000c7dd100000,0x000000c7dd200000)]
  0x000002207b7ea000 JavaThread "Build operations Thread 7" [_thread_blocked, id=13780, stack(0x000000c7dd200000,0x000000c7dd300000)]
  0x000002207b7ea800 JavaThread "Build operations Thread 8" [_thread_blocked, id=3608, stack(0x000000c7dd300000,0x000000c7dd400000)]
  0x000002207b5d5000 JavaThread "Cache worker for Java compile cache (C:\Users\gzouxu\.gradle\caches\5.2.1\javaCompile)" [_thread_blocked, id=18664, stack(0x000000c7dd400000,0x000000c7dd500000)]
  0x000002207b5d6000 JavaThread "Cache worker for Java compile cache (D:\code\project\unit\.gradle\5.2.1\javaCompile)" [_thread_in_native, id=640, stack(0x000000c7dd500000,0x000000c7dd600000)]

Other Threads:
  0x0000022078bae000 VMThread "VM Thread" [stack: 0x000000c7d9b00000,0x000000c7d9c00000] [id=15372]
  0x0000022079527000 WatcherThread [stack: 0x000000c7da500000,0x000000c7da600000] [id=8984]
  0x0000022061a86000 GCTaskThread "GC Thread#0" [stack: 0x000000c7d9600000,0x000000c7d9700000] [id=25408]
  0x0000022079cf5000 GCTaskThread "GC Thread#1" [stack: 0x000000c7da700000,0x000000c7da800000] [id=15864]
  0x0000022079cf6000 GCTaskThread "GC Thread#2" [stack: 0x000000c7da800000,0x000000c7da900000] [id=19360]
  0x0000022079c48000 GCTaskThread "GC Thread#3" [stack: 0x000000c7da900000,0x000000c7daa00000] [id=6712]
  0x0000022079c48800 GCTaskThread "GC Thread#4" [stack: 0x000000c7daa00000,0x000000c7dab00000] [id=23492]
  0x0000022079ad6000 GCTaskThread "GC Thread#5" [stack: 0x000000c7dab00000,0x000000c7dac00000] [id=20896]
  0x000002207b687000 GCTaskThread "GC Thread#6" [stack: 0x000000c7dba00000,0x000000c7dbb00000] [id=9296]
  0x000002207d8db000 GCTaskThread "GC Thread#7" [stack: 0x000000c7dbb00000,0x000000c7dbc00000] [id=18492]
  0x0000022061a98800 ConcurrentGCThread "G1 Main Marker" [stack: 0x000000c7d9700000,0x000000c7d9800000] [id=20532]
  0x0000022061a9b000 ConcurrentGCThread "G1 Conc#0" [stack: 0x000000c7d9800000,0x000000c7d9900000] [id=13156]
  0x000002207b4f5800 ConcurrentGCThread "G1 Conc#1" [stack: 0x000000c7dbc00000,0x000000c7dbd00000] [id=8896]
  0x0000022078a6a800 ConcurrentGCThread "G1 Refine#0" [stack: 0x000000c7d9900000,0x000000c7d9a00000] [id=9188]
  0x0000022078a6b800 ConcurrentGCThread "G1 Young RemSet Sampling" [stack: 0x000000c7d9a00000,0x000000c7d9b00000] [id=4336]

Threads with active compile tasks:
C2 CompilerThread0   9958 4019       4       org.gradle.api.internal.tasks.compile.incremental.deps.ClassSetAnalysisData$Serializer::readDependentsSet (72 bytes)
C1 CompilerThread0   9958 4088       1       org.gradle.api.internal.changedetection.state.CachingFileHasher$FileInfo::access$100 (5 bytes)
C2 CompilerThread1   9958 4043   !   4       com.google.common.collect.MapMakerInternalMap$Segment::put (298 bytes)
C2 CompilerThread2   9958 3986       4       org.gradle.api.internal.tasks.compile.incremental.deps.ClassSetAnalysisData$Serializer::readClassName (63 bytes)

VM state:not at safepoint (normal execution)

VM Mutex/Monitor currently owned by a thread: None

Heap address: 0x00000000e0000000, size: 512 MB, Compressed Oops mode: 32-bit
Narrow klass base: 0x0000000800000000, Narrow klass shift: 3
Compressed class space size: 260046848 Address: 0x0000000840000000

Heap:
 garbage-first heap   total 260096K, used 75725K [0x00000000e0000000, 0x0000000100000000)
  region size 1024K, 59 young (60416K), 10 survivors (10240K)
 Metaspace       used 37802K, capacity 38637K, committed 38960K, reserved 288768K
  class space    used 5349K, capacity 5633K, committed 5760K, reserved 253952K
Heap Regions: E=young(eden), S=young(survivor), O=old, HS=humongous(starts), HC=humongous(continues), CS=collection set, F=free, A=archive, TAMS=top-at-mark-start (previous, next)
|   0|0x00000000e0000000, 0x00000000e0100000, 0x00000000e0100000|100%|HS|  |TAMS 0x00000000e0100000, 0x00000000e0000000| Complete 
|   1|0x00000000e0100000, 0x00000000e0200000, 0x00000000e0200000|100%|HS|  |TAMS 0x00000000e0200000, 0x00000000e0100000| Complete 
|   2|0x00000000e0200000, 0x00000000e0300000, 0x00000000e0300000|100%|HC|  |TAMS 0x00000000e0300000, 0x00000000e0200000| Complete 
|   3|0x00000000e0300000, 0x00000000e0400000, 0x00000000e0400000|100%| O|  |TAMS 0x00000000e0400000, 0x00000000e0300000| Untracked 
|   4|0x00000000e0400000, 0x00000000e0500000, 0x00000000e0500000|100%| O|  |TAMS 0x00000000e0500000, 0x00000000e0400000| Untracked 
|   5|0x00000000e0500000, 0x00000000e0500000, 0x00000000e0600000|  0%| F|  |TAMS 0x00000000e0500000, 0x00000000e0500000| Untracked 
|   6|0x00000000e0600000, 0x00000000e0600000, 0x00000000e0700000|  0%| F|  |TAMS 0x00000000e0600000, 0x00000000e0600000| Untracked 
|   7|0x00000000e0700000, 0x00000000e0700000, 0x00000000e0800000|  0%| F|  |TAMS 0x00000000e0700000, 0x00000000e0700000| Untracked 
|   8|0x00000000e0800000, 0x00000000e0900000, 0x00000000e0900000|100%| O|  |TAMS 0x00000000e0900000, 0x00000000e0800000| Untracked 
|   9|0x00000000e0900000, 0x00000000e0a00000, 0x00000000e0a00000|100%| O|  |TAMS 0x00000000e0a00000, 0x00000000e0900000| Untracked 
|  10|0x00000000e0a00000, 0x00000000e0b00000, 0x00000000e0b00000|100%| O|  |TAMS 0x00000000e0b00000, 0x00000000e0a00000| Untracked 
|  11|0x00000000e0b00000, 0x00000000e0c00000, 0x00000000e0c00000|100%| O|  |TAMS 0x00000000e0c00000, 0x00000000e0b00000| Untracked 
|  12|0x00000000e0c00000, 0x00000000e0d00000, 0x00000000e0d00000|100%| O|  |TAMS 0x00000000e0d00000, 0x00000000e0c00000| Untracked 
|  13|0x00000000e0d00000, 0x00000000e0e00000, 0x00000000e0e00000|100%| O|  |TAMS 0x00000000e0e00000, 0x00000000e0d00000| Untracked 
|  14|0x00000000e0e00000, 0x00000000e0f00000, 0x00000000e0f00000|100%| O|  |TAMS 0x00000000e0f00000, 0x00000000e0e00000| Untracked 
|  15|0x00000000e0f00000, 0x00000000e1000000, 0x00000000e1000000|100%| O|  |TAMS 0x00000000e1000000, 0x00000000e0f00000| Untracked 
|  16|0x00000000e1000000, 0x00000000e1100000, 0x00000000e1100000|100%| O|  |TAMS 0x00000000e1100000, 0x00000000e1000000| Untracked 
|  17|0x00000000e1100000, 0x00000000e1200000, 0x00000000e1200000|100%| O|  |TAMS 0x00000000e1200000, 0x00000000e1100000| Untracked 
|  18|0x00000000e1200000, 0x00000000e1300000, 0x00000000e1300000|100%| O|  |TAMS 0x00000000e1300000, 0x00000000e1200000| Untracked 
|  19|0x00000000e1300000, 0x00000000e1400000, 0x00000000e1400000|100%| O|  |TAMS 0x00000000e1400000, 0x00000000e1300000| Untracked 
|  20|0x00000000e1400000, 0x00000000e1426000, 0x00000000e1500000| 14%| O|  |TAMS 0x00000000e1426000, 0x00000000e1400000| Untracked 
|  21|0x00000000e1500000, 0x00000000e1500000, 0x00000000e1600000|  0%| F|  |TAMS 0x00000000e1500000, 0x00000000e1500000| Untracked 
|  22|0x00000000e1600000, 0x00000000e1600000, 0x00000000e1700000|  0%| F|  |TAMS 0x00000000e1600000, 0x00000000e1600000| Untracked 
|  23|0x00000000e1700000, 0x00000000e1700000, 0x00000000e1800000|  0%| F|  |TAMS 0x00000000e1700000, 0x00000000e1700000| Untracked 
|  24|0x00000000e1800000, 0x00000000e1800000, 0x00000000e1900000|  0%| F|  |TAMS 0x00000000e1800000, 0x00000000e1800000| Untracked 
|  25|0x00000000e1900000, 0x00000000e1900000, 0x00000000e1a00000|  0%| F|  |TAMS 0x00000000e1900000, 0x00000000e1900000| Untracked 
|  26|0x00000000e1a00000, 0x00000000e1a00000, 0x00000000e1b00000|  0%| F|  |TAMS 0x00000000e1a00000, 0x00000000e1a00000| Untracked 
|  27|0x00000000e1b00000, 0x00000000e1b00000, 0x00000000e1c00000|  0%| F|  |TAMS 0x00000000e1b00000, 0x00000000e1b00000| Untracked 
|  28|0x00000000e1c00000, 0x00000000e1c00000, 0x00000000e1d00000|  0%| F|  |TAMS 0x00000000e1c00000, 0x00000000e1c00000| Untracked 
|  29|0x00000000e1d00000, 0x00000000e1d00000, 0x00000000e1e00000|  0%| F|  |TAMS 0x00000000e1d00000, 0x00000000e1d00000| Untracked 
|  30|0x00000000e1e00000, 0x00000000e1e00000, 0x00000000e1f00000|  0%| F|  |TAMS 0x00000000e1e00000, 0x00000000e1e00000| Untracked 
|  31|0x00000000e1f00000, 0x00000000e1f00000, 0x00000000e2000000|  0%| F|  |TAMS 0x00000000e1f00000, 0x00000000e1f00000| Untracked 
|  32|0x00000000e2000000, 0x00000000e2000000, 0x00000000e2100000|  0%| F|  |TAMS 0x00000000e2000000, 0x00000000e2000000| Untracked 
|  33|0x00000000e2100000, 0x00000000e2100000, 0x00000000e2200000|  0%| F|  |TAMS 0x00000000e2100000, 0x00000000e2100000| Untracked 
|  34|0x00000000e2200000, 0x00000000e2200000, 0x00000000e2300000|  0%| F|  |TAMS 0x00000000e2200000, 0x00000000e2200000| Untracked 
|  35|0x00000000e2300000, 0x00000000e2300000, 0x00000000e2400000|  0%| F|  |TAMS 0x00000000e2300000, 0x00000000e2300000| Untracked 
|  36|0x00000000e2400000, 0x00000000e2400000, 0x00000000e2500000|  0%| F|  |TAMS 0x00000000e2400000, 0x00000000e2400000| Untracked 
|  37|0x00000000e2500000, 0x00000000e2500000, 0x00000000e2600000|  0%| F|  |TAMS 0x00000000e2500000, 0x00000000e2500000| Untracked 
|  38|0x00000000e2600000, 0x00000000e2600000, 0x00000000e2700000|  0%| F|  |TAMS 0x00000000e2600000, 0x00000000e2600000| Untracked 
|  39|0x00000000e2700000, 0x00000000e2700000, 0x00000000e2800000|  0%| F|  |TAMS 0x00000000e2700000, 0x00000000e2700000| Untracked 
|  40|0x00000000e2800000, 0x00000000e2800000, 0x00000000e2900000|  0%| F|  |TAMS 0x00000000e2800000, 0x00000000e2800000| Untracked 
|  41|0x00000000e2900000, 0x00000000e2900000, 0x00000000e2a00000|  0%| F|  |TAMS 0x00000000e2900000, 0x00000000e2900000| Untracked 
|  42|0x00000000e2a00000, 0x00000000e2a00000, 0x00000000e2b00000|  0%| F|  |TAMS 0x00000000e2a00000, 0x00000000e2a00000| Untracked 
|  43|0x00000000e2b00000, 0x00000000e2b00000, 0x00000000e2c00000|  0%| F|  |TAMS 0x00000000e2b00000, 0x00000000e2b00000| Untracked 
|  44|0x00000000e2c00000, 0x00000000e2c00000, 0x00000000e2d00000|  0%| F|  |TAMS 0x00000000e2c00000, 0x00000000e2c00000| Untracked 
|  45|0x00000000e2d00000, 0x00000000e2d00000, 0x00000000e2e00000|  0%| F|  |TAMS 0x00000000e2d00000, 0x00000000e2d00000| Untracked 
|  46|0x00000000e2e00000, 0x00000000e2e00000, 0x00000000e2f00000|  0%| F|  |TAMS 0x00000000e2e00000, 0x00000000e2e00000| Untracked 
|  47|0x00000000e2f00000, 0x00000000e2f00000, 0x00000000e3000000|  0%| F|  |TAMS 0x00000000e2f00000, 0x00000000e2f00000| Untracked 
|  48|0x00000000e3000000, 0x00000000e3000000, 0x00000000e3100000|  0%| F|  |TAMS 0x00000000e3000000, 0x00000000e3000000| Untracked 
|  49|0x00000000e3100000, 0x00000000e3100000, 0x00000000e3200000|  0%| F|  |TAMS 0x00000000e3100000, 0x00000000e3100000| Untracked 
|  50|0x00000000e3200000, 0x00000000e3200000, 0x00000000e3300000|  0%| F|  |TAMS 0x00000000e3200000, 0x00000000e3200000| Untracked 
|  51|0x00000000e3300000, 0x00000000e3300000, 0x00000000e3400000|  0%| F|  |TAMS 0x00000000e3300000, 0x00000000e3300000| Untracked 
|  52|0x00000000e3400000, 0x00000000e3400000, 0x00000000e3500000|  0%| F|  |TAMS 0x00000000e3400000, 0x00000000e3400000| Untracked 
|  53|0x00000000e3500000, 0x00000000e3500000, 0x00000000e3600000|  0%| F|  |TAMS 0x00000000e3500000, 0x00000000e3500000| Untracked 
|  54|0x00000000e3600000, 0x00000000e3600000, 0x00000000e3700000|  0%| F|  |TAMS 0x00000000e3600000, 0x00000000e3600000| Untracked 
|  55|0x00000000e3700000, 0x00000000e3700000, 0x00000000e3800000|  0%| F|  |TAMS 0x00000000e3700000, 0x00000000e3700000| Untracked 
|  56|0x00000000e3800000, 0x00000000e3800000, 0x00000000e3900000|  0%| F|  |TAMS 0x00000000e3800000, 0x00000000e3800000| Untracked 
|  57|0x00000000e3900000, 0x00000000e3900000, 0x00000000e3a00000|  0%| F|  |TAMS 0x00000000e3900000, 0x00000000e3900000| Untracked 
|  58|0x00000000e3a00000, 0x00000000e3a00000, 0x00000000e3b00000|  0%| F|  |TAMS 0x00000000e3a00000, 0x00000000e3a00000| Untracked 
|  59|0x00000000e3b00000, 0x00000000e3b00000, 0x00000000e3c00000|  0%| F|  |TAMS 0x00000000e3b00000, 0x00000000e3b00000| Untracked 
|  60|0x00000000e3c00000, 0x00000000e3c00000, 0x00000000e3d00000|  0%| F|  |TAMS 0x00000000e3c00000, 0x00000000e3c00000| Untracked 
|  61|0x00000000e3d00000, 0x00000000e3d00000, 0x00000000e3e00000|  0%| F|  |TAMS 0x00000000e3d00000, 0x00000000e3d00000| Untracked 
|  62|0x00000000e3e00000, 0x00000000e3e00000, 0x00000000e3f00000|  0%| F|  |TAMS 0x00000000e3e00000, 0x00000000e3e00000| Untracked 
|  63|0x00000000e3f00000, 0x00000000e3f00000, 0x00000000e4000000|  0%| F|  |TAMS 0x00000000e3f00000, 0x00000000e3f00000| Untracked 
|  64|0x00000000e4000000, 0x00000000e4000000, 0x00000000e4100000|  0%| F|  |TAMS 0x00000000e4000000, 0x00000000e4000000| Untracked 
|  65|0x00000000e4100000, 0x00000000e4100000, 0x00000000e4200000|  0%| F|  |TAMS 0x00000000e4100000, 0x00000000e4100000| Untracked 
|  66|0x00000000e4200000, 0x00000000e4200000, 0x00000000e4300000|  0%| F|  |TAMS 0x00000000e4200000, 0x00000000e4200000| Untracked 
|  67|0x00000000e4300000, 0x00000000e4300000, 0x00000000e4400000|  0%| F|  |TAMS 0x00000000e4300000, 0x00000000e4300000| Untracked 
|  68|0x00000000e4400000, 0x00000000e4400000, 0x00000000e4500000|  0%| F|  |TAMS 0x00000000e4400000, 0x00000000e4400000| Untracked 
|  69|0x00000000e4500000, 0x00000000e4500000, 0x00000000e4600000|  0%| F|  |TAMS 0x00000000e4500000, 0x00000000e4500000| Untracked 
|  70|0x00000000e4600000, 0x00000000e4600000, 0x00000000e4700000|  0%| F|  |TAMS 0x00000000e4600000, 0x00000000e4600000| Untracked 
|  71|0x00000000e4700000, 0x00000000e4700000, 0x00000000e4800000|  0%| F|  |TAMS 0x00000000e4700000, 0x00000000e4700000| Untracked 
|  72|0x00000000e4800000, 0x00000000e4800000, 0x00000000e4900000|  0%| F|  |TAMS 0x00000000e4800000, 0x00000000e4800000| Untracked 
|  73|0x00000000e4900000, 0x00000000e4900000, 0x00000000e4a00000|  0%| F|  |TAMS 0x00000000e4900000, 0x00000000e4900000| Untracked 
|  74|0x00000000e4a00000, 0x00000000e4a00000, 0x00000000e4b00000|  0%| F|  |TAMS 0x00000000e4a00000, 0x00000000e4a00000| Untracked 
|  75|0x00000000e4b00000, 0x00000000e4b00000, 0x00000000e4c00000|  0%| F|  |TAMS 0x00000000e4b00000, 0x00000000e4b00000| Untracked 
|  76|0x00000000e4c00000, 0x00000000e4c00000, 0x00000000e4d00000|  0%| F|  |TAMS 0x00000000e4c00000, 0x00000000e4c00000| Untracked 
|  77|0x00000000e4d00000, 0x00000000e4d00000, 0x00000000e4e00000|  0%| F|  |TAMS 0x00000000e4d00000, 0x00000000e4d00000| Untracked 
|  78|0x00000000e4e00000, 0x00000000e4e00000, 0x00000000e4f00000|  0%| F|  |TAMS 0x00000000e4e00000, 0x00000000e4e00000| Untracked 
|  79|0x00000000e4f00000, 0x00000000e4f00000, 0x00000000e5000000|  0%| F|  |TAMS 0x00000000e4f00000, 0x00000000e4f00000| Untracked 
|  80|0x00000000e5000000, 0x00000000e5000000, 0x00000000e5100000|  0%| F|  |TAMS 0x00000000e5000000, 0x00000000e5000000| Untracked 
|  81|0x00000000e5100000, 0x00000000e5100000, 0x00000000e5200000|  0%| F|  |TAMS 0x00000000e5100000, 0x00000000e5100000| Untracked 
|  82|0x00000000e5200000, 0x00000000e5200000, 0x00000000e5300000|  0%| F|  |TAMS 0x00000000e5200000, 0x00000000e5200000| Untracked 
|  83|0x00000000e5300000, 0x00000000e5300000, 0x00000000e5400000|  0%| F|  |TAMS 0x00000000e5300000, 0x00000000e5300000| Untracked 
|  84|0x00000000e5400000, 0x00000000e5400000, 0x00000000e5500000|  0%| F|  |TAMS 0x00000000e5400000, 0x00000000e5400000| Untracked 
|  85|0x00000000e5500000, 0x00000000e5500000, 0x00000000e5600000|  0%| F|  |TAMS 0x00000000e5500000, 0x00000000e5500000| Untracked 
|  86|0x00000000e5600000, 0x00000000e5600000, 0x00000000e5700000|  0%| F|  |TAMS 0x00000000e5600000, 0x00000000e5600000| Untracked 
|  87|0x00000000e5700000, 0x00000000e5700000, 0x00000000e5800000|  0%| F|  |TAMS 0x00000000e5700000, 0x00000000e5700000| Untracked 
|  88|0x00000000e5800000, 0x00000000e5800000, 0x00000000e5900000|  0%| F|  |TAMS 0x00000000e5800000, 0x00000000e5800000| Untracked 
|  89|0x00000000e5900000, 0x00000000e5900000, 0x00000000e5a00000|  0%| F|  |TAMS 0x00000000e5900000, 0x00000000e5900000| Untracked 
|  90|0x00000000e5a00000, 0x00000000e5a00000, 0x00000000e5b00000|  0%| F|  |TAMS 0x00000000e5a00000, 0x00000000e5a00000| Untracked 
|  91|0x00000000e5b00000, 0x00000000e5b00000, 0x00000000e5c00000|  0%| F|  |TAMS 0x00000000e5b00000, 0x00000000e5b00000| Untracked 
|  92|0x00000000e5c00000, 0x00000000e5c00000, 0x00000000e5d00000|  0%| F|  |TAMS 0x00000000e5c00000, 0x00000000e5c00000| Untracked 
|  93|0x00000000e5d00000, 0x00000000e5d00000, 0x00000000e5e00000|  0%| F|  |TAMS 0x00000000e5d00000, 0x00000000e5d00000| Untracked 
|  94|0x00000000e5e00000, 0x00000000e5e00000, 0x00000000e5f00000|  0%| F|  |TAMS 0x00000000e5e00000, 0x00000000e5e00000| Untracked 
|  95|0x00000000e5f00000, 0x00000000e5f00000, 0x00000000e6000000|  0%| F|  |TAMS 0x00000000e5f00000, 0x00000000e5f00000| Untracked 
|  96|0x00000000e6000000, 0x00000000e6000000, 0x00000000e6100000|  0%| F|  |TAMS 0x00000000e6000000, 0x00000000e6000000| Untracked 
|  97|0x00000000e6100000, 0x00000000e6100000, 0x00000000e6200000|  0%| F|  |TAMS 0x00000000e6100000, 0x00000000e6100000| Untracked 
|  98|0x00000000e6200000, 0x00000000e6200000, 0x00000000e6300000|  0%| F|  |TAMS 0x00000000e6200000, 0x00000000e6200000| Untracked 
|  99|0x00000000e6300000, 0x00000000e6300000, 0x00000000e6400000|  0%| F|  |TAMS 0x00000000e6300000, 0x00000000e6300000| Untracked 
| 100|0x00000000e6400000, 0x00000000e6400000, 0x00000000e6500000|  0%| F|  |TAMS 0x00000000e6400000, 0x00000000e6400000| Untracked 
| 101|0x00000000e6500000, 0x00000000e6500000, 0x00000000e6600000|  0%| F|  |TAMS 0x00000000e6500000, 0x00000000e6500000| Untracked 
| 102|0x00000000e6600000, 0x00000000e6600000, 0x00000000e6700000|  0%| F|  |TAMS 0x00000000e6600000, 0x00000000e6600000| Untracked 
| 103|0x00000000e6700000, 0x00000000e6700000, 0x00000000e6800000|  0%| F|  |TAMS 0x00000000e6700000, 0x00000000e6700000| Untracked 
| 104|0x00000000e6800000, 0x00000000e6800000, 0x00000000e6900000|  0%| F|  |TAMS 0x00000000e6800000, 0x00000000e6800000| Untracked 
| 105|0x00000000e6900000, 0x00000000e6900000, 0x00000000e6a00000|  0%| F|  |TAMS 0x00000000e6900000, 0x00000000e6900000| Untracked 
| 106|0x00000000e6a00000, 0x00000000e6a00000, 0x00000000e6b00000|  0%| F|  |TAMS 0x00000000e6a00000, 0x00000000e6a00000| Untracked 
| 107|0x00000000e6b00000, 0x00000000e6b00000, 0x00000000e6c00000|  0%| F|  |TAMS 0x00000000e6b00000, 0x00000000e6b00000| Untracked 
| 108|0x00000000e6c00000, 0x00000000e6c00000, 0x00000000e6d00000|  0%| F|  |TAMS 0x00000000e6c00000, 0x00000000e6c00000| Untracked 
| 109|0x00000000e6d00000, 0x00000000e6d00000, 0x00000000e6e00000|  0%| F|  |TAMS 0x00000000e6d00000, 0x00000000e6d00000| Untracked 
| 110|0x00000000e6e00000, 0x00000000e6e00000, 0x00000000e6f00000|  0%| F|  |TAMS 0x00000000e6e00000, 0x00000000e6e00000| Untracked 
| 111|0x00000000e6f00000, 0x00000000e6f00000, 0x00000000e7000000|  0%| F|  |TAMS 0x00000000e6f00000, 0x00000000e6f00000| Untracked 
| 112|0x00000000e7000000, 0x00000000e7000000, 0x00000000e7100000|  0%| F|  |TAMS 0x00000000e7000000, 0x00000000e7000000| Untracked 
| 113|0x00000000e7100000, 0x00000000e7100000, 0x00000000e7200000|  0%| F|  |TAMS 0x00000000e7100000, 0x00000000e7100000| Untracked 
| 114|0x00000000e7200000, 0x00000000e7200000, 0x00000000e7300000|  0%| F|  |TAMS 0x00000000e7200000, 0x00000000e7200000| Untracked 
| 115|0x00000000e7300000, 0x00000000e7300000, 0x00000000e7400000|  0%| F|  |TAMS 0x00000000e7300000, 0x00000000e7300000| Untracked 
| 116|0x00000000e7400000, 0x00000000e7400000, 0x00000000e7500000|  0%| F|  |TAMS 0x00000000e7400000, 0x00000000e7400000| Untracked 
| 117|0x00000000e7500000, 0x00000000e7500000, 0x00000000e7600000|  0%| F|  |TAMS 0x00000000e7500000, 0x00000000e7500000| Untracked 
| 118|0x00000000e7600000, 0x00000000e7600000, 0x00000000e7700000|  0%| F|  |TAMS 0x00000000e7600000, 0x00000000e7600000| Untracked 
| 119|0x00000000e7700000, 0x00000000e7700000, 0x00000000e7800000|  0%| F|  |TAMS 0x00000000e7700000, 0x00000000e7700000| Untracked 
| 120|0x00000000e7800000, 0x00000000e7800000, 0x00000000e7900000|  0%| F|  |TAMS 0x00000000e7800000, 0x00000000e7800000| Untracked 
| 121|0x00000000e7900000, 0x00000000e7900000, 0x00000000e7a00000|  0%| F|  |TAMS 0x00000000e7900000, 0x00000000e7900000| Untracked 
| 122|0x00000000e7a00000, 0x00000000e7a00000, 0x00000000e7b00000|  0%| F|  |TAMS 0x00000000e7a00000, 0x00000000e7a00000| Untracked 
| 123|0x00000000e7b00000, 0x00000000e7b00000, 0x00000000e7c00000|  0%| F|  |TAMS 0x00000000e7b00000, 0x00000000e7b00000| Untracked 
| 124|0x00000000e7c00000, 0x00000000e7c00000, 0x00000000e7d00000|  0%| F|  |TAMS 0x00000000e7c00000, 0x00000000e7c00000| Untracked 
| 125|0x00000000e7d00000, 0x00000000e7d00000, 0x00000000e7e00000|  0%| F|  |TAMS 0x00000000e7d00000, 0x00000000e7d00000| Untracked 
| 126|0x00000000e7e00000, 0x00000000e7e00000, 0x00000000e7f00000|  0%| F|  |TAMS 0x00000000e7e00000, 0x00000000e7e00000| Untracked 
| 127|0x00000000e7f00000, 0x00000000e7f00000, 0x00000000e8000000|  0%| F|  |TAMS 0x00000000e7f00000, 0x00000000e7f00000| Untracked 
| 128|0x00000000e8000000, 0x00000000e8000000, 0x00000000e8100000|  0%| F|  |TAMS 0x00000000e8000000, 0x00000000e8000000| Untracked 
| 129|0x00000000e8100000, 0x00000000e8100000, 0x00000000e8200000|  0%| F|  |TAMS 0x00000000e8100000, 0x00000000e8100000| Untracked 
| 130|0x00000000e8200000, 0x00000000e8200000, 0x00000000e8300000|  0%| F|  |TAMS 0x00000000e8200000, 0x00000000e8200000| Untracked 
| 131|0x00000000e8300000, 0x00000000e8300000, 0x00000000e8400000|  0%| F|  |TAMS 0x00000000e8300000, 0x00000000e8300000| Untracked 
| 132|0x00000000e8400000, 0x00000000e8400000, 0x00000000e8500000|  0%| F|  |TAMS 0x00000000e8400000, 0x00000000e8400000| Untracked 
| 133|0x00000000e8500000, 0x00000000e8500000, 0x00000000e8600000|  0%| F|  |TAMS 0x00000000e8500000, 0x00000000e8500000| Untracked 
| 134|0x00000000e8600000, 0x00000000e8600000, 0x00000000e8700000|  0%| F|  |TAMS 0x00000000e8600000, 0x00000000e8600000| Untracked 
| 135|0x00000000e8700000, 0x00000000e8700000, 0x00000000e8800000|  0%| F|  |TAMS 0x00000000e8700000, 0x00000000e8700000| Untracked 
| 136|0x00000000e8800000, 0x00000000e8800000, 0x00000000e8900000|  0%| F|  |TAMS 0x00000000e8800000, 0x00000000e8800000| Untracked 
| 137|0x00000000e8900000, 0x00000000e8900000, 0x00000000e8a00000|  0%| F|  |TAMS 0x00000000e8900000, 0x00000000e8900000| Untracked 
| 138|0x00000000e8a00000, 0x00000000e8a00000, 0x00000000e8b00000|  0%| F|  |TAMS 0x00000000e8a00000, 0x00000000e8a00000| Untracked 
| 139|0x00000000e8b00000, 0x00000000e8b00000, 0x00000000e8c00000|  0%| F|  |TAMS 0x00000000e8b00000, 0x00000000e8b00000| Untracked 
| 140|0x00000000e8c00000, 0x00000000e8c00000, 0x00000000e8d00000|  0%| F|  |TAMS 0x00000000e8c00000, 0x00000000e8c00000| Untracked 
| 141|0x00000000e8d00000, 0x00000000e8d00000, 0x00000000e8e00000|  0%| F|  |TAMS 0x00000000e8d00000, 0x00000000e8d00000| Untracked 
| 142|0x00000000e8e00000, 0x00000000e8e00000, 0x00000000e8f00000|  0%| F|  |TAMS 0x00000000e8e00000, 0x00000000e8e00000| Untracked 
| 143|0x00000000e8f00000, 0x00000000e8f00000, 0x00000000e9000000|  0%| F|  |TAMS 0x00000000e8f00000, 0x00000000e8f00000| Untracked 
| 144|0x00000000e9000000, 0x00000000e9000000, 0x00000000e9100000|  0%| F|  |TAMS 0x00000000e9000000, 0x00000000e9000000| Untracked 
| 145|0x00000000e9100000, 0x00000000e9100000, 0x00000000e9200000|  0%| F|  |TAMS 0x00000000e9100000, 0x00000000e9100000| Untracked 
| 146|0x00000000e9200000, 0x00000000e9200000, 0x00000000e9300000|  0%| F|  |TAMS 0x00000000e9200000, 0x00000000e9200000| Untracked 
| 147|0x00000000e9300000, 0x00000000e9300000, 0x00000000e9400000|  0%| F|  |TAMS 0x00000000e9300000, 0x00000000e9300000| Untracked 
| 148|0x00000000e9400000, 0x00000000e9400000, 0x00000000e9500000|  0%| F|  |TAMS 0x00000000e9400000, 0x00000000e9400000| Untracked 
| 149|0x00000000e9500000, 0x00000000e9500000, 0x00000000e9600000|  0%| F|  |TAMS 0x00000000e9500000, 0x00000000e9500000| Untracked 
| 150|0x00000000e9600000, 0x00000000e9600000, 0x00000000e9700000|  0%| F|  |TAMS 0x00000000e9600000, 0x00000000e9600000| Untracked 
| 151|0x00000000e9700000, 0x00000000e9700000, 0x00000000e9800000|  0%| F|  |TAMS 0x00000000e9700000, 0x00000000e9700000| Untracked 
| 152|0x00000000e9800000, 0x00000000e9800000, 0x00000000e9900000|  0%| F|  |TAMS 0x00000000e9800000, 0x00000000e9800000| Untracked 
| 153|0x00000000e9900000, 0x00000000e9900000, 0x00000000e9a00000|  0%| F|  |TAMS 0x00000000e9900000, 0x00000000e9900000| Untracked 
| 154|0x00000000e9a00000, 0x00000000e9a00000, 0x00000000e9b00000|  0%| F|  |TAMS 0x00000000e9a00000, 0x00000000e9a00000| Untracked 
| 155|0x00000000e9b00000, 0x00000000e9b00000, 0x00000000e9c00000|  0%| F|  |TAMS 0x00000000e9b00000, 0x00000000e9b00000| Untracked 
| 156|0x00000000e9c00000, 0x00000000e9c00000, 0x00000000e9d00000|  0%| F|  |TAMS 0x00000000e9c00000, 0x00000000e9c00000| Untracked 
| 157|0x00000000e9d00000, 0x00000000e9d00000, 0x00000000e9e00000|  0%| F|  |TAMS 0x00000000e9d00000, 0x00000000e9d00000| Untracked 
| 158|0x00000000e9e00000, 0x00000000e9e00000, 0x00000000e9f00000|  0%| F|  |TAMS 0x00000000e9e00000, 0x00000000e9e00000| Untracked 
| 159|0x00000000e9f00000, 0x00000000e9f00000, 0x00000000ea000000|  0%| F|  |TAMS 0x00000000e9f00000, 0x00000000e9f00000| Untracked 
| 160|0x00000000ea000000, 0x00000000ea000000, 0x00000000ea100000|  0%| F|  |TAMS 0x00000000ea000000, 0x00000000ea000000| Untracked 
| 161|0x00000000ea100000, 0x00000000ea100000, 0x00000000ea200000|  0%| F|  |TAMS 0x00000000ea100000, 0x00000000ea100000| Untracked 
| 162|0x00000000ea200000, 0x00000000ea200000, 0x00000000ea300000|  0%| F|  |TAMS 0x00000000ea200000, 0x00000000ea200000| Untracked 
| 163|0x00000000ea300000, 0x00000000ea300000, 0x00000000ea400000|  0%| F|  |TAMS 0x00000000ea300000, 0x00000000ea300000| Untracked 
| 164|0x00000000ea400000, 0x00000000ea400000, 0x00000000ea500000|  0%| F|  |TAMS 0x00000000ea400000, 0x00000000ea400000| Untracked 
| 165|0x00000000ea500000, 0x00000000ea500000, 0x00000000ea600000|  0%| F|  |TAMS 0x00000000ea500000, 0x00000000ea500000| Untracked 
| 166|0x00000000ea600000, 0x00000000ea600000, 0x00000000ea700000|  0%| F|  |TAMS 0x00000000ea600000, 0x00000000ea600000| Untracked 
| 167|0x00000000ea700000, 0x00000000ea700000, 0x00000000ea800000|  0%| F|  |TAMS 0x00000000ea700000, 0x00000000ea700000| Untracked 
| 168|0x00000000ea800000, 0x00000000ea800000, 0x00000000ea900000|  0%| F|  |TAMS 0x00000000ea800000, 0x00000000ea800000| Untracked 
| 169|0x00000000ea900000, 0x00000000ea900000, 0x00000000eaa00000|  0%| F|  |TAMS 0x00000000ea900000, 0x00000000ea900000| Untracked 
| 170|0x00000000eaa00000, 0x00000000eaa00000, 0x00000000eab00000|  0%| F|  |TAMS 0x00000000eaa00000, 0x00000000eaa00000| Untracked 
| 171|0x00000000eab00000, 0x00000000eab00000, 0x00000000eac00000|  0%| F|  |TAMS 0x00000000eab00000, 0x00000000eab00000| Untracked 
| 172|0x00000000eac00000, 0x00000000eac00000, 0x00000000ead00000|  0%| F|  |TAMS 0x00000000eac00000, 0x00000000eac00000| Untracked 
| 173|0x00000000ead00000, 0x00000000ead00000, 0x00000000eae00000|  0%| F|  |TAMS 0x00000000ead00000, 0x00000000ead00000| Untracked 
| 174|0x00000000eae00000, 0x00000000eae00000, 0x00000000eaf00000|  0%| F|  |TAMS 0x00000000eae00000, 0x00000000eae00000| Untracked 
| 175|0x00000000eaf00000, 0x00000000eaf00000, 0x00000000eb000000|  0%| F|  |TAMS 0x00000000eaf00000, 0x00000000eaf00000| Untracked 
| 176|0x00000000eb000000, 0x00000000eb000000, 0x00000000eb100000|  0%| F|  |TAMS 0x00000000eb000000, 0x00000000eb000000| Untracked 
| 177|0x00000000eb100000, 0x00000000eb100000, 0x00000000eb200000|  0%| F|  |TAMS 0x00000000eb100000, 0x00000000eb100000| Untracked 
| 178|0x00000000eb200000, 0x00000000eb200000, 0x00000000eb300000|  0%| F|  |TAMS 0x00000000eb200000, 0x00000000eb200000| Untracked 
| 179|0x00000000eb300000, 0x00000000eb300000, 0x00000000eb400000|  0%| F|  |TAMS 0x00000000eb300000, 0x00000000eb300000| Untracked 
| 180|0x00000000eb400000, 0x00000000eb400000, 0x00000000eb500000|  0%| F|  |TAMS 0x00000000eb400000, 0x00000000eb400000| Untracked 
| 181|0x00000000eb500000, 0x00000000eb500000, 0x00000000eb600000|  0%| F|  |TAMS 0x00000000eb500000, 0x00000000eb500000| Untracked 
| 182|0x00000000eb600000, 0x00000000eb600000, 0x00000000eb700000|  0%| F|  |TAMS 0x00000000eb600000, 0x00000000eb600000| Untracked 
| 183|0x00000000eb700000, 0x00000000eb700000, 0x00000000eb800000|  0%| F|  |TAMS 0x00000000eb700000, 0x00000000eb700000| Untracked 
| 184|0x00000000eb800000, 0x00000000eb800000, 0x00000000eb900000|  0%| F|  |TAMS 0x00000000eb800000, 0x00000000eb800000| Untracked 
| 185|0x00000000eb900000, 0x00000000eb900000, 0x00000000eba00000|  0%| F|  |TAMS 0x00000000eb900000, 0x00000000eb900000| Untracked 
| 186|0x00000000eba00000, 0x00000000eba00000, 0x00000000ebb00000|  0%| F|  |TAMS 0x00000000eba00000, 0x00000000eba00000| Untracked 
| 187|0x00000000ebb00000, 0x00000000ebb00000, 0x00000000ebc00000|  0%| F|  |TAMS 0x00000000ebb00000, 0x00000000ebb00000| Untracked 
| 188|0x00000000ebc00000, 0x00000000ebc00000, 0x00000000ebd00000|  0%| F|  |TAMS 0x00000000ebc00000, 0x00000000ebc00000| Untracked 
| 189|0x00000000ebd00000, 0x00000000ebd00000, 0x00000000ebe00000|  0%| F|  |TAMS 0x00000000ebd00000, 0x00000000ebd00000| Untracked 
| 190|0x00000000ebe00000, 0x00000000ebe00000, 0x00000000ebf00000|  0%| F|  |TAMS 0x00000000ebe00000, 0x00000000ebe00000| Untracked 
| 191|0x00000000ebf00000, 0x00000000ebf00000, 0x00000000ec000000|  0%| F|  |TAMS 0x00000000ebf00000, 0x00000000ebf00000| Untracked 
| 192|0x00000000ec000000, 0x00000000ec000000, 0x00000000ec100000|  0%| F|  |TAMS 0x00000000ec000000, 0x00000000ec000000| Untracked 
| 193|0x00000000ec100000, 0x00000000ec100000, 0x00000000ec200000|  0%| F|  |TAMS 0x00000000ec100000, 0x00000000ec100000| Untracked 
| 194|0x00000000ec200000, 0x00000000ec200000, 0x00000000ec300000|  0%| F|  |TAMS 0x00000000ec200000, 0x00000000ec200000| Untracked 
| 195|0x00000000ec300000, 0x00000000ec381048, 0x00000000ec400000| 50%| E|  |TAMS 0x00000000ec300000, 0x00000000ec300000| Complete 
| 196|0x00000000ec400000, 0x00000000ec500000, 0x00000000ec500000|100%| E|CS|TAMS 0x00000000ec400000, 0x00000000ec400000| Complete 
| 197|0x00000000ec500000, 0x00000000ec600000, 0x00000000ec600000|100%| E|CS|TAMS 0x00000000ec500000, 0x00000000ec500000| Complete 
| 198|0x00000000ec600000, 0x00000000ec700000, 0x00000000ec700000|100%| E|CS|TAMS 0x00000000ec600000, 0x00000000ec600000| Complete 
| 199|0x00000000ec700000, 0x00000000ec800000, 0x00000000ec800000|100%| E|CS|TAMS 0x00000000ec700000, 0x00000000ec700000| Complete 
| 200|0x00000000ec800000, 0x00000000ec900000, 0x00000000ec900000|100%| E|  |TAMS 0x00000000ec800000, 0x00000000ec800000| Complete 
| 201|0x00000000ec900000, 0x00000000eca00000, 0x00000000eca00000|100%| E|CS|TAMS 0x00000000ec900000, 0x00000000ec900000| Complete 
| 202|0x00000000eca00000, 0x00000000ecb00000, 0x00000000ecb00000|100%| E|CS|TAMS 0x00000000eca00000, 0x00000000eca00000| Complete 
| 203|0x00000000ecb00000, 0x00000000ecc00000, 0x00000000ecc00000|100%| E|CS|TAMS 0x00000000ecb00000, 0x00000000ecb00000| Complete 
| 204|0x00000000ecc00000, 0x00000000ecd00000, 0x00000000ecd00000|100%| E|CS|TAMS 0x00000000ecc00000, 0x00000000ecc00000| Complete 
| 205|0x00000000ecd00000, 0x00000000ecdcd710, 0x00000000ece00000| 80%| S|CS|TAMS 0x00000000ecd00000, 0x00000000ecd00000| Complete 
| 206|0x00000000ece00000, 0x00000000ecf00000, 0x00000000ecf00000|100%| S|CS|TAMS 0x00000000ece00000, 0x00000000ece00000| Complete 
| 207|0x00000000ecf00000, 0x00000000ed000000, 0x00000000ed000000|100%| S|CS|TAMS 0x00000000ecf00000, 0x00000000ecf00000| Complete 
| 208|0x00000000ed000000, 0x00000000ed100000, 0x00000000ed100000|100%| S|CS|TAMS 0x00000000ed000000, 0x00000000ed000000| Complete 
| 209|0x00000000ed100000, 0x00000000ed200000, 0x00000000ed200000|100%| S|CS|TAMS 0x00000000ed100000, 0x00000000ed100000| Complete 
| 210|0x00000000ed200000, 0x00000000ed300000, 0x00000000ed300000|100%| S|CS|TAMS 0x00000000ed200000, 0x00000000ed200000| Complete 
| 211|0x00000000ed300000, 0x00000000ed400000, 0x00000000ed400000|100%| S|CS|TAMS 0x00000000ed300000, 0x00000000ed300000| Complete 
| 212|0x00000000ed400000, 0x00000000ed500000, 0x00000000ed500000|100%| S|CS|TAMS 0x00000000ed400000, 0x00000000ed400000| Complete 
| 213|0x00000000ed500000, 0x00000000ed600000, 0x00000000ed600000|100%| S|CS|TAMS 0x00000000ed500000, 0x00000000ed500000| Complete 
| 214|0x00000000ed600000, 0x00000000ed700000, 0x00000000ed700000|100%| S|CS|TAMS 0x00000000ed600000, 0x00000000ed600000| Complete 
| 215|0x00000000ed700000, 0x00000000ed800000, 0x00000000ed800000|100%| E|CS|TAMS 0x00000000ed700000, 0x00000000ed700000| Complete 
| 216|0x00000000ed800000, 0x00000000ed900000, 0x00000000ed900000|100%| E|CS|TAMS 0x00000000ed800000, 0x00000000ed800000| Complete 
| 217|0x00000000ed900000, 0x00000000eda00000, 0x00000000eda00000|100%| E|CS|TAMS 0x00000000ed900000, 0x00000000ed900000| Complete 
| 218|0x00000000eda00000, 0x00000000edb00000, 0x00000000edb00000|100%| E|CS|TAMS 0x00000000eda00000, 0x00000000eda00000| Complete 
| 219|0x00000000edb00000, 0x00000000edc00000, 0x00000000edc00000|100%| E|CS|TAMS 0x00000000edb00000, 0x00000000edb00000| Complete 
| 220|0x00000000edc00000, 0x00000000edd00000, 0x00000000edd00000|100%| E|CS|TAMS 0x00000000edc00000, 0x00000000edc00000| Complete 
| 221|0x00000000edd00000, 0x00000000ede00000, 0x00000000ede00000|100%| E|CS|TAMS 0x00000000edd00000, 0x00000000edd00000| Complete 
| 222|0x00000000ede00000, 0x00000000edf00000, 0x00000000edf00000|100%| E|CS|TAMS 0x00000000ede00000, 0x00000000ede00000| Complete 
| 223|0x00000000edf00000, 0x00000000ee000000, 0x00000000ee000000|100%| E|CS|TAMS 0x00000000edf00000, 0x00000000edf00000| Complete 
| 224|0x00000000ee000000, 0x00000000ee100000, 0x00000000ee100000|100%| E|CS|TAMS 0x00000000ee000000, 0x00000000ee000000| Complete 
| 225|0x00000000ee100000, 0x00000000ee200000, 0x00000000ee200000|100%| E|CS|TAMS 0x00000000ee100000, 0x00000000ee100000| Complete 
| 226|0x00000000ee200000, 0x00000000ee300000, 0x00000000ee300000|100%| E|CS|TAMS 0x00000000ee200000, 0x00000000ee200000| Complete 
| 227|0x00000000ee300000, 0x00000000ee400000, 0x00000000ee400000|100%| E|CS|TAMS 0x00000000ee300000, 0x00000000ee300000| Complete 
| 228|0x00000000ee400000, 0x00000000ee500000, 0x00000000ee500000|100%| E|CS|TAMS 0x00000000ee400000, 0x00000000ee400000| Complete 
| 229|0x00000000ee500000, 0x00000000ee600000, 0x00000000ee600000|100%| E|CS|TAMS 0x00000000ee500000, 0x00000000ee500000| Complete 
| 230|0x00000000ee600000, 0x00000000ee700000, 0x00000000ee700000|100%| E|CS|TAMS 0x00000000ee600000, 0x00000000ee600000| Complete 
| 231|0x00000000ee700000, 0x00000000ee800000, 0x00000000ee800000|100%| E|CS|TAMS 0x00000000ee700000, 0x00000000ee700000| Complete 
| 232|0x00000000ee800000, 0x00000000ee900000, 0x00000000ee900000|100%| E|CS|TAMS 0x00000000ee800000, 0x00000000ee800000| Complete 
| 233|0x00000000ee900000, 0x00000000eea00000, 0x00000000eea00000|100%| E|CS|TAMS 0x00000000ee900000, 0x00000000ee900000| Complete 
| 234|0x00000000eea00000, 0x00000000eeb00000, 0x00000000eeb00000|100%| E|CS|TAMS 0x00000000eea00000, 0x00000000eea00000| Complete 
| 235|0x00000000eeb00000, 0x00000000eec00000, 0x00000000eec00000|100%| E|CS|TAMS 0x00000000eeb00000, 0x00000000eeb00000| Complete 
| 236|0x00000000eec00000, 0x00000000eed00000, 0x00000000eed00000|100%| E|CS|TAMS 0x00000000eec00000, 0x00000000eec00000| Complete 
| 237|0x00000000eed00000, 0x00000000eee00000, 0x00000000eee00000|100%| E|CS|TAMS 0x00000000eed00000, 0x00000000eed00000| Complete 
| 238|0x00000000eee00000, 0x00000000eef00000, 0x00000000eef00000|100%| E|CS|TAMS 0x00000000eee00000, 0x00000000eee00000| Complete 
| 239|0x00000000eef00000, 0x00000000ef000000, 0x00000000ef000000|100%| E|CS|TAMS 0x00000000eef00000, 0x00000000eef00000| Complete 
| 240|0x00000000ef000000, 0x00000000ef100000, 0x00000000ef100000|100%| E|CS|TAMS 0x00000000ef000000, 0x00000000ef000000| Complete 
| 241|0x00000000ef100000, 0x00000000ef200000, 0x00000000ef200000|100%| E|CS|TAMS 0x00000000ef100000, 0x00000000ef100000| Complete 
| 242|0x00000000ef200000, 0x00000000ef300000, 0x00000000ef300000|100%| E|CS|TAMS 0x00000000ef200000, 0x00000000ef200000| Complete 
| 243|0x00000000ef300000, 0x00000000ef400000, 0x00000000ef400000|100%| E|CS|TAMS 0x00000000ef300000, 0x00000000ef300000| Complete 
| 244|0x00000000ef400000, 0x00000000ef500000, 0x00000000ef500000|100%| E|CS|TAMS 0x00000000ef400000, 0x00000000ef400000| Complete 
| 245|0x00000000ef500000, 0x00000000ef600000, 0x00000000ef600000|100%| E|CS|TAMS 0x00000000ef500000, 0x00000000ef500000| Complete 
| 246|0x00000000ef600000, 0x00000000ef700000, 0x00000000ef700000|100%| E|CS|TAMS 0x00000000ef600000, 0x00000000ef600000| Complete 
| 247|0x00000000ef700000, 0x00000000ef800000, 0x00000000ef800000|100%| E|CS|TAMS 0x00000000ef700000, 0x00000000ef700000| Complete 
| 248|0x00000000ef800000, 0x00000000ef900000, 0x00000000ef900000|100%| E|CS|TAMS 0x00000000ef800000, 0x00000000ef800000| Complete 
| 249|0x00000000ef900000, 0x00000000efa00000, 0x00000000efa00000|100%| E|CS|TAMS 0x00000000ef900000, 0x00000000ef900000| Complete 
| 250|0x00000000efa00000, 0x00000000efb00000, 0x00000000efb00000|100%| E|CS|TAMS 0x00000000efa00000, 0x00000000efa00000| Complete 
| 251|0x00000000efb00000, 0x00000000efc00000, 0x00000000efc00000|100%| E|CS|TAMS 0x00000000efb00000, 0x00000000efb00000| Complete 
| 252|0x00000000efc00000, 0x00000000efd00000, 0x00000000efd00000|100%| E|CS|TAMS 0x00000000efc00000, 0x00000000efc00000| Complete 
| 253|0x00000000efd00000, 0x00000000efe00000, 0x00000000efe00000|100%| E|CS|TAMS 0x00000000efd00000, 0x00000000efd00000| Complete 

Card table byte_map: [0x0000022074f80000,0x0000022075080000] _byte_map_base: 0x0000022074880000

Marking Bits (Prev, Next): (CMBitMap*) 0x0000022061a959e8, (CMBitMap*) 0x0000022061a95a20
 Prev Bits: [0x0000022075180000, 0x0000022075980000)
 Next Bits: [0x0000022075980000, 0x0000022076180000)

Polling page: 0x000002205f8a0000

Metaspace:

Usage:
  Non-class:     32.23 MB capacity,    31.70 MB ( 98%) used,   475.31 KB (  1%) free+waste,    66.81 KB ( <1%) overhead. 
      Class:      5.50 MB capacity,     5.22 MB ( 95%) used,   250.64 KB (  4%) free+waste,    32.88 KB ( <1%) overhead. 
       Both:     37.73 MB capacity,    36.93 MB ( 98%) used,   725.95 KB (  2%) free+waste,    99.69 KB ( <1%) overhead. 

Virtual space:
  Non-class space:       34.00 MB reserved,      32.42 MB ( 95%) committed 
      Class space:      248.00 MB reserved,       5.63 MB (  2%) committed 
             Both:      282.00 MB reserved,      38.05 MB ( 13%) committed 

Chunk freelists:
   Non-Class:  4.00 KB
       Class:  31.00 KB
        Both:  35.00 KB

MaxMetaspaceSize: 256.00 MB
CompressedClassSpaceSize: 248.00 MB

CodeHeap 'non-profiled nmethods': size=120000Kb used=2150Kb max_used=2150Kb free=117849Kb
 bounds [0x000002206d620000, 0x000002206d890000, 0x0000022074b50000]
CodeHeap 'profiled nmethods': size=120000Kb used=8536Kb max_used=8536Kb free=111464Kb
 bounds [0x00000220660f0000, 0x0000022066950000, 0x000002206d620000]
CodeHeap 'non-nmethods': size=5760Kb used=2239Kb max_used=2286Kb free=3520Kb
 bounds [0x0000022065b50000, 0x0000022065dc0000, 0x00000220660f0000]
 total_blobs=6163 nmethods=3853 adapters=713
 compilation: enabled
              stopped_count=0, restarted_count=0
 full_count=0

Compilation events (20 events):
Event: 9.830 Thread 0x0000022078bdf800 4062       3       org.gradle.internal.resources.DefaultResourceLockCoordinationService::getCurrent (58 bytes)
Event: 9.830 Thread 0x0000022078bdf800 nmethod 4062 0x0000022066937610 code [0x0000022066937860, 0x00000220669383a0]
Event: 9.836 Thread 0x0000022078bdf800 4063       3       com.google.common.cache.LocalCache$Segment::evictEntries (106 bytes)
Event: 9.837 Thread 0x0000022078bdf800 nmethod 4063 0x0000022066938610 code [0x00000220669388a0, 0x0000022066939300]
Event: 9.837 Thread 0x0000022078bdf800 4064       1       org.gradle.internal.MutableBoolean::set (6 bytes)
Event: 9.837 Thread 0x0000022078bdf800 nmethod 4064 0x000002206d833b90 code [0x000002206d833d40, 0x000002206d833e78]
Event: 9.837 Thread 0x0000022078bdf800 4065       1       org.gradle.execution.plan.DefaultPlanExecutor$ExecutorWorker::access$300 (5 bytes)
Event: 9.837 Thread 0x0000022078bdf800 nmethod 4065 0x000002206d833f10 code [0x000002206d8340c0, 0x000002206d8341b8]
Event: 9.849 Thread 0x0000022078bdf800 4066       3       com.google.common.collect.RegularImmutableMap$EntrySet$1::size (8 bytes)
Event: 9.849 Thread 0x0000022078bdf800 nmethod 4066 0x0000022066939610 code [0x00000220669397c0, 0x0000022066939958]
Event: 9.849 Thread 0x0000022078bdf800 4067       3       org.gradle.internal.file.DefaultFileHierarchySet$PrefixFileSet::contains (10 bytes)
Event: 9.849 Thread 0x0000022078bdf800 nmethod 4067 0x0000022066939a10 code [0x0000022066939be0, 0x0000022066939db0]
Event: 9.883 Thread 0x0000022078bdf800 4068       3       java.util.TreeMap::<init> (20 bytes)
Event: 9.884 Thread 0x0000022078bdf800 nmethod 4068 0x0000022066939e90 code [0x000002206693a060, 0x000002206693a2d8]
Event: 9.884 Thread 0x0000022078bdf800 4069       3       java.util.LinkedList$ListItr::set (28 bytes)
Event: 9.884 Thread 0x0000022078bdf800 nmethod 4069 0x000002206693a390 code [0x000002206693a580, 0x000002206693aa20]
Event: 9.884 Thread 0x0000022078bdf800 4071       3       java.lang.Class::copyFields (36 bytes)
Event: 9.885 Thread 0x0000022078bdf800 nmethod 4071 0x000002206693ac10 code [0x000002206693ae60, 0x000002206693b920]
Event: 9.885 Thread 0x0000022078bdf800 4070       3       java.lang.Class::getDeclaredFields (27 bytes)
Event: 9.886 Thread 0x0000022078bdf800 nmethod 4070 0x000002206693bc90 code [0x000002206693be80, 0x000002206693c1a0]

GC Heap History (10 events):
Event: 1.391 GC heap before
{Heap before GC invocations=0 (full 0):
 garbage-first heap   total 260096K, used 26624K [0x00000000e0000000, 0x0000000100000000)
  region size 1024K, 24 young (24576K), 0 survivors (0K)
 Metaspace       used 3877K, capacity 6591K, committed 6784K, reserved 262144K
  class space    used 499K, capacity 770K, committed 896K, reserved 253952K
}
Event: 1.397 GC heap after
{Heap after GC invocations=1 (full 0):
 garbage-first heap   total 260096K, used 7756K [0x00000000e0000000, 0x0000000100000000)
  region size 1024K, 3 young (3072K), 3 survivors (3072K)
 Metaspace       used 3877K, capacity 6591K, committed 6784K, reserved 262144K
  class space    used 499K, capacity 770K, committed 896K, reserved 253952K
}
Event: 5.652 GC heap before
{Heap before GC invocations=1 (full 0):
 garbage-first heap   total 260096K, used 121420K [0x00000000e0000000, 0x0000000100000000)
  region size 1024K, 115 young (117760K), 3 survivors (3072K)
 Metaspace       used 20733K, capacity 21154K, committed 21296K, reserved 272384K
  class space    used 2944K, capacity 3108K, committed 3200K, reserved 253952K
}
Event: 5.671 GC heap after
{Heap after GC invocations=2 (full 0):
 garbage-first heap   total 260096K, used 17698K [0x00000000e0000000, 0x0000000100000000)
  region size 1024K, 13 young (13312K), 13 survivors (13312K)
 Metaspace       used 20733K, capacity 21154K, committed 21296K, reserved 272384K
  class space    used 2944K, capacity 3108K, committed 3200K, reserved 253952K
}
Event: 6.474 GC heap before
{Heap before GC invocations=3 (full 0):
 garbage-first heap   total 260096K, used 44322K [0x00000000e0000000, 0x0000000100000000)
  region size 1024K, 37 young (37888K), 13 survivors (13312K)
 Metaspace       used 23934K, capacity 24465K, committed 24624K, reserved 276480K
  class space    used 3244K, capacity 3442K, committed 3456K, reserved 253952K
}
Event: 6.492 GC heap after
{Heap after GC invocations=4 (full 0):
 garbage-first heap   total 260096K, used 20803K [0x00000000e0000000, 0x0000000100000000)
  region size 1024K, 4 young (4096K), 4 survivors (4096K)
 Metaspace       used 23934K, capacity 24465K, committed 24624K, reserved 276480K
  class space    used 3244K, capacity 3442K, committed 3456K, reserved 253952K
}
Event: 8.060 GC heap before
{Heap before GC invocations=4 (full 0):
 garbage-first heap   total 260096K, used 100675K [0x00000000e0000000, 0x0000000100000000)
  region size 1024K, 82 young (83968K), 4 survivors (4096K)
 Metaspace       used 31022K, capacity 31707K, committed 31920K, reserved 282624K
  class space    used 4358K, capacity 4570K, committed 4608K, reserved 253952K
}
Event: 8.068 GC heap after
{Heap after GC invocations=5 (full 0):
 garbage-first heap   total 260096K, used 24050K [0x00000000e0000000, 0x0000000100000000)
  region size 1024K, 7 young (7168K), 7 survivors (7168K)
 Metaspace       used 31022K, capacity 31707K, committed 31920K, reserved 282624K
  class space    used 4358K, capacity 4570K, committed 4608K, reserved 253952K
}
Event: 8.916 GC heap before
{Heap before GC invocations=5 (full 0):
 garbage-first heap   total 260096K, used 62962K [0x00000000e0000000, 0x0000000100000000)
  region size 1024K, 46 young (47104K), 7 survivors (7168K)
 Metaspace       used 35047K, capacity 35824K, committed 35888K, reserved 284672K
  class space    used 4953K, capacity 5206K, committed 5248K, reserved 253952K
}
Event: 8.938 GC heap after
{Heap after GC invocations=6 (full 0):
 garbage-first heap   total 260096K, used 27597K [0x00000000e0000000, 0x0000000100000000)
  region size 1024K, 10 young (10240K), 10 survivors (10240K)
 Metaspace       used 35047K, capacity 35824K, committed 35888K, reserved 284672K
  class space    used 4953K, capacity 5206K, committed 5248K, reserved 253952K
}

Deoptimization events (20 events):
Event: 9.278 Thread 0x000002207b7df000 Uncommon trap: trap_request=0xffffff4d fr.pc=0x000002206d760104 relative=0x00000000000001e4
Event: 9.278 Thread 0x000002207b7df000 Uncommon trap: reason=unstable_if action=reinterpret pc=0x000002206d760104 method=java.util.ArrayDeque.addLast(Ljava/lang/Object;)V @ 42 c2
Event: 9.278 Thread 0x000002207b7df000 DEOPT PACKING pc=0x000002206d760104 sp=0x000000c7dc9fc970
Event: 9.278 Thread 0x000002207b7df000 DEOPT UNPACKING pc=0x0000022065b7922f sp=0x000000c7dc9fc930 mode 2
Event: 9.326 Thread 0x000002207b7e6800 Uncommon trap: trap_request=0xffffffde fr.pc=0x000002206d6cdc14 relative=0x0000000000001254
Event: 9.326 Thread 0x000002207b7e6800 Uncommon trap: reason=class_check action=maybe_recompile pc=0x000002206d6cdc14 method=java.util.concurrent.ConcurrentHashMap.putVal(Ljava/lang/Object;Ljava/lang/Object;Z)Ljava/lang/Object; @ 159 c2
Event: 9.326 Thread 0x000002207b7e6800 DEOPT PACKING pc=0x000002206d6cdc14 sp=0x000000c7dccfd2f0
Event: 9.326 Thread 0x000002207b7e6800 DEOPT UNPACKING pc=0x0000022065b7922f sp=0x000000c7dccfd280 mode 2
Event: 9.340 Thread 0x000002207b7e9000 DEOPT PACKING pc=0x00000220661a4cdc sp=0x000000c7dd1fdd80
Event: 9.340 Thread 0x000002207b7e9000 DEOPT UNPACKING pc=0x0000022065b7904e sp=0x000000c7dd1fd320 mode 0
Event: 9.498 Thread 0x000002207b7df000 DEOPT PACKING pc=0x000002206611d9f0 sp=0x000000c7dc9fd040
Event: 9.498 Thread 0x000002207b7df000 DEOPT UNPACKING pc=0x0000022065b7904e sp=0x000000c7dc9fc4c8 mode 0
Event: 9.652 Thread 0x000002207b7df000 Uncommon trap: trap_request=0xffffffcc fr.pc=0x000002206d814594 relative=0x00000000000011f4
Event: 9.653 Thread 0x000002207b7df000 Uncommon trap: reason=intrinsic_or_type_checked_inlining action=make_not_entrant pc=0x000002206d814594 method=java.util.ArrayList.toArray([Ljava/lang/Object;)[Ljava/lang/Object; @ 36 c2
Event: 9.653 Thread 0x000002207b7df000 DEOPT PACKING pc=0x000002206d814594 sp=0x000000c7dc9f7950
Event: 9.653 Thread 0x000002207b7df000 DEOPT UNPACKING pc=0x0000022065b7922f sp=0x000000c7dc9f78b0 mode 2
Event: 9.710 Thread 0x000002207b5d5000 Uncommon trap: trap_request=0xffffff4d fr.pc=0x000002206d7eea8c relative=0x00000000000001cc
Event: 9.710 Thread 0x000002207b5d5000 Uncommon trap: reason=unstable_if action=reinterpret pc=0x000002206d7eea8c method=com.esotericsoftware.kryo.io.Input.require(I)I @ 65 c2
Event: 9.710 Thread 0x000002207b5d5000 DEOPT PACKING pc=0x000002206d7eea8c sp=0x000000c7dd4fe600
Event: 9.710 Thread 0x000002207b5d5000 DEOPT UNPACKING pc=0x0000022065b7922f sp=0x000000c7dd4fe5c0 mode 2

Classes redefined (0 events):
No events

Internal exceptions (20 events):
Event: 8.779 Thread 0x000002207a9b7800 Exception <a 'java/lang/NoSuchMethodError'{0x00000000edb59430}: <clinit>> (0x00000000edb59430) thrown at [c:/BuildAgent/work/1eae4dac1d648407/src/hotspot/share/prims/jni.cpp, line 1362]
Event: 8.780 Thread 0x000002207b7df000 Exception <a 'java/lang/ClassNotFoundException'{0x00000000edb1a258}: org/gradle/api/tasks/compile/JavaCompileBeanInfo> (0x00000000edb1a258) thrown at [c:/BuildAgent/work/1eae4dac1d648407/src/hotspot/share/classfile/systemDictionary.cpp, line 231]
Event: 8.780 Thread 0x000002207b7df000 Exception <a 'java/lang/ClassNotFoundException'{0x00000000edb2d7b0}: org/gradle/api/tasks/compile/AbstractCompileBeanInfo> (0x00000000edb2d7b0) thrown at [c:/BuildAgent/work/1eae4dac1d648407/src/hotspot/share/classfile/systemDictionary.cpp, line 231]
Event: 8.781 Thread 0x000002207b7df000 Exception <a 'java/lang/ClassNotFoundException'{0x00000000edb37540}: org/gradle/api/tasks/SourceTaskBeanInfo> (0x00000000edb37540) thrown at [c:/BuildAgent/work/1eae4dac1d648407/src/hotspot/share/classfile/systemDictionary.cpp, line 231]
Event: 8.781 Thread 0x000002207b7df000 Exception <a 'java/lang/ClassNotFoundException'{0x00000000edb41320}: org/gradle/api/tasks/SourceTaskCustomizer> (0x00000000edb41320) thrown at [c:/BuildAgent/work/1eae4dac1d648407/src/hotspot/share/classfile/systemDictionary.cpp, line 231]
Event: 8.798 Thread 0x000002207b7df000 Exception <a 'java/lang/ClassNotFoundException'{0x00000000edb8d4f0}: org/gradle/api/tasks/compile/AbstractCompileCustomizer> (0x00000000edb8d4f0) thrown at [c:/BuildAgent/work/1eae4dac1d648407/src/hotspot/share/classfile/systemDictionary.cpp, line 231]
Event: 8.800 Thread 0x000002207b7df000 Exception <a 'java/lang/ClassNotFoundException'{0x00000000edbb3fe0}: org/gradle/api/tasks/compile/JavaCompileCustomizer> (0x00000000edbb3fe0) thrown at [c:/BuildAgent/work/1eae4dac1d648407/src/hotspot/share/classfile/systemDictionary.cpp, line 231]
Event: 8.802 Thread 0x000002207b7df000 Exception <a 'java/lang/ClassNotFoundException'{0x00000000edbdf478}: org/gradle/api/tasks/compile/JavaCompile_DecoratedCustomizer> (0x00000000edbdf478) thrown at [c:/BuildAgent/work/1eae4dac1d648407/src/hotspot/share/classfile/systemDictionary.cpp, line 2
Event: 8.807 Thread 0x000002207b7df000 Exception <a 'java/lang/SecurityException'{0x00000000eda28608}> (0x00000000eda28608) thrown at [c:/BuildAgent/work/1eae4dac1d648407/src/hotspot/share/prims/jvm.cpp, line 1301]
Event: 8.812 Thread 0x000002207b7df000 Exception <a 'java/lang/ClassNotFoundException'{0x00000000eda49ea8}: java/lang/ClassBeanInfo> (0x00000000eda49ea8) thrown at [c:/BuildAgent/work/1eae4dac1d648407/src/hotspot/share/classfile/systemDictionary.cpp, line 231]
Event: 8.812 Thread 0x000002207b7df000 Exception <a 'java/lang/ClassNotFoundException'{0x00000000eda4e7a0}: java/lang/ClassCustomizer> (0x00000000eda4e7a0) thrown at [c:/BuildAgent/work/1eae4dac1d648407/src/hotspot/share/classfile/systemDictionary.cpp, line 231]
Event: 9.284 Thread 0x000002207b7df000 Exception <a 'java/lang/NoSuchMethodError'{0x00000000ef03f558}: 'void java.lang.invoke.DirectMethodHandle$Holder.invokeSpecial(java.lang.Object, java.lang.Object, java.lang.Object, java.lang.Object)'> (0x00000000ef03f558) thrown at [c:/BuildAgent/work/1ea
Event: 9.871 Thread 0x000002207b7df000 Exception <a 'java/lang/ClassNotFoundException'{0x00000000ec6d7b30}: org/gradle/api/internal/file/collections/DefaultConfigurableFileTreeBeanInfo> (0x00000000ec6d7b30) thrown at [c:/BuildAgent/work/1eae4dac1d648407/src/hotspot/share/classfile/systemDictio
Event: 9.872 Thread 0x000002207b7df000 Exception <a 'java/lang/ClassNotFoundException'{0x00000000ec6edb60}: org/gradle/api/internal/file/CompositeFileTreeBeanInfo> (0x00000000ec6edb60) thrown at [c:/BuildAgent/work/1eae4dac1d648407/src/hotspot/share/classfile/systemDictionary.cpp, line 231]
Event: 9.873 Thread 0x000002207b7df000 Exception <a 'java/lang/ClassNotFoundException'{0x00000000ec5055a0}: org/gradle/api/internal/file/CompositeFileCollectionBeanInfo> (0x00000000ec5055a0) thrown at [c:/BuildAgent/work/1eae4dac1d648407/src/hotspot/share/classfile/systemDictionary.cpp, line 2
Event: 9.874 Thread 0x000002207b7df000 Exception <a 'java/lang/ClassNotFoundException'{0x00000000ec51cae8}: org/gradle/api/internal/file/AbstractFileCollectionBeanInfo> (0x00000000ec51cae8) thrown at [c:/BuildAgent/work/1eae4dac1d648407/src/hotspot/share/classfile/systemDictionary.cpp, line 23
Event: 9.875 Thread 0x000002207b7df000 Exception <a 'java/lang/ClassNotFoundException'{0x00000000ec534010}: org/gradle/api/internal/file/AbstractFileCollectionCustomizer> (0x00000000ec534010) thrown at [c:/BuildAgent/work/1eae4dac1d648407/src/hotspot/share/classfile/systemDictionary.cpp, line 
Event: 9.878 Thread 0x000002207b7df000 Exception <a 'java/lang/ClassNotFoundException'{0x00000000ec555c50}: org/gradle/api/internal/file/CompositeFileCollectionCustomizer> (0x00000000ec555c50) thrown at [c:/BuildAgent/work/1eae4dac1d648407/src/hotspot/share/classfile/systemDictionary.cpp, line
Event: 9.880 Thread 0x000002207b7df000 Exception <a 'java/lang/ClassNotFoundException'{0x00000000ec5772b0}: org/gradle/api/internal/file/CompositeFileTreeCustomizer> (0x00000000ec5772b0) thrown at [c:/BuildAgent/work/1eae4dac1d648407/src/hotspot/share/classfile/systemDictionary.cpp, line 231]
Event: 9.882 Thread 0x000002207b7df000 Exception <a 'java/lang/ClassNotFoundException'{0x00000000ec599fa0}: org/gradle/api/internal/file/collections/DefaultConfigurableFileTreeCustomizer> (0x00000000ec599fa0) thrown at [c:/BuildAgent/work/1eae4dac1d648407/src/hotspot/share/classfile/systemDict

Events (20 events):
Event: 9.877 loading class org/gradle/api/internal/file/CompositeFileCollectionCustomizer
Event: 9.877 loading class org/gradle/api/internal/file/CompositeFileCollectionCustomizer done
Event: 9.877 loading class org/gradle/api/internal/file/CompositeFileCollectionCustomizer
Event: 9.877 loading class org/gradle/api/internal/file/CompositeFileCollectionCustomizer done
Event: 9.879 loading class org/gradle/api/internal/file/CompositeFileTreeCustomizer
Event: 9.879 loading class org/gradle/api/internal/file/CompositeFileTreeCustomizer done
Event: 9.879 loading class org/gradle/api/internal/file/CompositeFileTreeCustomizer
Event: 9.879 loading class org/gradle/api/internal/file/CompositeFileTreeCustomizer done
Event: 9.880 loading class org/gradle/api/internal/file/CompositeFileTreeCustomizer
Event: 9.880 loading class org/gradle/api/internal/file/CompositeFileTreeCustomizer done
Event: 9.881 loading class org/gradle/api/internal/file/collections/DefaultConfigurableFileTreeCustomizer
Event: 9.881 loading class org/gradle/api/internal/file/collections/DefaultConfigurableFileTreeCustomizer done
Event: 9.881 loading class org/gradle/api/internal/file/collections/DefaultConfigurableFileTreeCustomizer
Event: 9.881 loading class org/gradle/api/internal/file/collections/DefaultConfigurableFileTreeCustomizer done
Event: 9.882 loading class org/gradle/api/internal/file/collections/DefaultConfigurableFileTreeCustomizer
Event: 9.882 loading class org/gradle/api/internal/file/collections/DefaultConfigurableFileTreeCustomizer done
Event: 9.885 loading class org/gradle/api/internal/tasks/compile/incremental/classpath/DefaultClasspathEntrySnapshotter$DirectoryEntryVisitor
Event: 9.885 loading class org/gradle/api/internal/tasks/compile/incremental/classpath/DefaultClasspathEntrySnapshotter$DirectoryEntryVisitor done
Event: 9.886 loading class org/gradle/api/internal/tasks/compile/incremental/classpath/DefaultClasspathEntrySnapshotter$EntryVisitor
Event: 9.886 loading class org/gradle/api/internal/tasks/compile/incremental/classpath/DefaultClasspathEntrySnapshotter$EntryVisitor done


Dynamic libraries:
0x00007ff758820000 - 0x00007ff75882a000 	D:\software\IntelliJ IDEA 2020.1\jbr\bin\java.exe
0x00007ffe972e0000 - 0x00007ffe974d0000 	C:\WINDOWS\SYSTEM32\ntdll.dll
0x00007ffe95c80000 - 0x00007ffe95d32000 	C:\WINDOWS\System32\KERNEL32.DLL
0x00007ffe94f90000 - 0x00007ffe95233000 	C:\WINDOWS\System32\KERNELBASE.dll
0x00007ffe94dc0000 - 0x00007ffe94eba000 	C:\WINDOWS\System32\ucrtbase.dll
0x00007ffe8f8a0000 - 0x00007ffe8f8b7000 	D:\software\IntelliJ IDEA 2020.1\jbr\bin\VCRUNTIME140.dll
0x00007ffe8e920000 - 0x00007ffe8e939000 	D:\software\IntelliJ IDEA 2020.1\jbr\bin\jli.dll
0x00007ffe96330000 - 0x00007ffe964c4000 	C:\WINDOWS\System32\USER32.dll
0x00007ffe943c0000 - 0x00007ffe943e1000 	C:\WINDOWS\System32\win32u.dll
0x00007ffe74c60000 - 0x00007ffe74ee5000 	C:\WINDOWS\WinSxS\amd64_microsoft.windows.common-controls_6595b64144ccf1df_6.0.18362.778_none_e6c6b761130d4fb8\COMCTL32.dll
0x00007ffe970c0000 - 0x00007ffe9715e000 	C:\WINDOWS\System32\msvcrt.dll
0x00007ffe95510000 - 0x00007ffe95536000 	C:\WINDOWS\System32\GDI32.dll
0x00007ffe95f90000 - 0x00007ffe962c6000 	C:\WINDOWS\System32\combase.dll
0x00007ffe94bf0000 - 0x00007ffe94d84000 	C:\WINDOWS\System32\gdi32full.dll
0x00007ffe96fa0000 - 0x00007ffe970c0000 	C:\WINDOWS\System32\RPCRT4.dll
0x00007ffe94b70000 - 0x00007ffe94bf0000 	C:\WINDOWS\System32\bcryptPrimitives.dll
0x00007ffe94270000 - 0x00007ffe9430e000 	C:\WINDOWS\System32\msvcp_win.dll
0x00007ffe954e0000 - 0x00007ffe9550e000 	C:\WINDOWS\System32\IMM32.DLL
0x00007ffe73010000 - 0x00007ffe730ad000 	D:\software\IntelliJ IDEA 2020.1\jbr\bin\msvcp140.dll
0x00007ffe42f90000 - 0x00007ffe43a4d000 	D:\software\IntelliJ IDEA 2020.1\jbr\bin\server\jvm.dll
0x00007ffe95bd0000 - 0x00007ffe95c73000 	C:\WINDOWS\System32\ADVAPI32.dll
0x00007ffe95440000 - 0x00007ffe954d7000 	C:\WINDOWS\System32\sechost.dll
0x00007ffe95bc0000 - 0x00007ffe95bc8000 	C:\WINDOWS\System32\PSAPI.DLL
0x00007ffe79d70000 - 0x00007ffe79d79000 	C:\WINDOWS\SYSTEM32\WSOCK32.dll
0x00007ffe91260000 - 0x00007ffe91284000 	C:\WINDOWS\SYSTEM32\WINMM.dll
0x00007ffe80e90000 - 0x00007ffe80e9a000 	C:\WINDOWS\SYSTEM32\VERSION.dll
0x00007ffe95da0000 - 0x00007ffe95e0f000 	C:\WINDOWS\System32\WS2_32.dll
0x00007ffe911b0000 - 0x00007ffe911dd000 	C:\WINDOWS\SYSTEM32\WINMMBASE.dll
0x00007ffe94310000 - 0x00007ffe9435a000 	C:\WINDOWS\System32\cfgmgr32.dll
0x00007ffe94200000 - 0x00007ffe94211000 	C:\WINDOWS\System32\kernel.appcore.dll
0x00007ffe91580000 - 0x00007ffe91591000 	D:\software\IntelliJ IDEA 2020.1\jbr\bin\verify.dll
0x00007ffe92ab0000 - 0x00007ffe92ca4000 	C:\WINDOWS\SYSTEM32\DBGHELP.DLL
0x00007ffe80ef0000 - 0x00007ffe80f1a000 	C:\WINDOWS\SYSTEM32\dbgcore.DLL
0x00007ffe91480000 - 0x00007ffe914a9000 	D:\software\IntelliJ IDEA 2020.1\jbr\bin\java.dll
0x00007ffe91460000 - 0x00007ffe91478000 	D:\software\IntelliJ IDEA 2020.1\jbr\bin\zip.dll
0x00007ffe91450000 - 0x00007ffe9145b000 	D:\software\IntelliJ IDEA 2020.1\jbr\bin\jimage.dll
0x00007ffe96830000 - 0x00007ffe96f15000 	C:\WINDOWS\System32\SHELL32.dll
0x00007ffe96780000 - 0x00007ffe96829000 	C:\WINDOWS\System32\shcore.dll
0x00007ffe943f0000 - 0x00007ffe94b70000 	C:\WINDOWS\System32\windows.storage.dll
0x00007ffe94240000 - 0x00007ffe94263000 	C:\WINDOWS\System32\profapi.dll
0x00007ffe941b0000 - 0x00007ffe941fa000 	C:\WINDOWS\System32\powrprof.dll
0x00007ffe941a0000 - 0x00007ffe941b0000 	C:\WINDOWS\System32\UMPDC.dll
0x00007ffe95540000 - 0x00007ffe95592000 	C:\WINDOWS\System32\shlwapi.dll
0x00007ffe94ec0000 - 0x00007ffe94ed7000 	C:\WINDOWS\System32\cryptsp.dll
0x00007ffe8b9b0000 - 0x00007ffe8b9ca000 	D:\software\IntelliJ IDEA 2020.1\jbr\bin\net.dll
0x00007ffe91e60000 - 0x00007ffe91f50000 	C:\WINDOWS\SYSTEM32\WINHTTP.dll
0x00007ffe93a10000 - 0x00007ffe93a77000 	C:\WINDOWS\system32\mswsock.dll
0x00007ffe86aa0000 - 0x00007ffe86ab4000 	D:\software\IntelliJ IDEA 2020.1\jbr\bin\nio.dll
0x00007ffe79f40000 - 0x00007ffe79f66000 	C:\Users\gzouxu\.gradle\native\28\windows-amd64\native-platform.dll
0x00007ffe8e940000 - 0x00007ffe8e94a000 	D:\software\IntelliJ IDEA 2020.1\jbr\bin\management.dll
0x00007ffe8cf30000 - 0x00007ffe8cf3c000 	D:\software\IntelliJ IDEA 2020.1\jbr\bin\management_ext.dll
0x00007ffe93580000 - 0x00007ffe935b3000 	C:\WINDOWS\system32\rsaenh.dll
0x00007ffe94d90000 - 0x00007ffe94db6000 	C:\WINDOWS\System32\bcrypt.dll
0x00007ffe940c0000 - 0x00007ffe940e5000 	C:\WINDOWS\SYSTEM32\USERENV.dll
0x00007ffe93be0000 - 0x00007ffe93bec000 	C:\WINDOWS\SYSTEM32\CRYPTBASE.dll
0x00007ffe93720000 - 0x00007ffe9375a000 	C:\WINDOWS\SYSTEM32\IPHLPAPI.DLL
0x00007ffe95f80000 - 0x00007ffe95f88000 	C:\WINDOWS\System32\NSI.dll
0x00007ffe8b2c0000 - 0x00007ffe8b2d6000 	C:\WINDOWS\SYSTEM32\dhcpcsvc6.DLL
0x00007ffe8b9e0000 - 0x00007ffe8b9fc000 	C:\WINDOWS\SYSTEM32\dhcpcsvc.DLL
0x00007ffe93760000 - 0x00007ffe9382a000 	C:\WINDOWS\SYSTEM32\DNSAPI.dll

dbghelp: loaded successfully - version: 4.0.5 - missing functions: none
symbol engine: initialized successfully - sym options: 0x614 - pdb path: .;D:\software\IntelliJ IDEA 2020.1\jbr\bin;C:\WINDOWS\SYSTEM32;C:\WINDOWS\WinSxS\amd64_microsoft.windows.common-controls_6595b64144ccf1df_6.0.18362.778_none_e6c6b761130d4fb8;D:\software\IntelliJ IDEA 2020.1\jbr\bin\server;C:\Users\gzouxu\.gradle\native\28\windows-amd64

VM Arguments:
jvm_args: --add-opens=java.base/java.util=ALL-UNNAMED --add-opens=java.base/java.lang=ALL-UNNAMED --add-opens=java.base/java.lang.invoke=ALL-UNNAMED --add-opens=java.prefs/java.util.prefs=ALL-UNNAMED -XX:MaxMetaspaceSize=256m -XX:+HeapDumpOnOutOfMemoryError -Xmx512m -Dfile.encoding=GBK -Duser.country=CN -Duser.language=zh -Duser.variant 
java_command: org.gradle.launcher.daemon.bootstrap.GradleDaemon 5.2.1
java_class_path (initial): C:\Users\gzouxu\.gradle\wrapper\dists\gradle-5.2.1-all\bviwmvmbexq6idcscbicws5me\gradle-5.2.1\lib\gradle-launcher-5.2.1.jar
Launcher Type: SUN_STANDARD

[Global flags]
     intx CICompilerCount                          = 4                                         {product} {ergonomic}
   size_t CompressedClassSpaceSize                 = 260046848                                 {product} {ergonomic}
     uint ConcGCThreads                            = 2                                         {product} {ergonomic}
     uint G1ConcRefinementThreads                  = 8                                         {product} {ergonomic}
   size_t G1HeapRegionSize                         = 1048576                                   {product} {ergonomic}
    uintx GCDrainStackTargetSize                   = 64                                        {product} {ergonomic}
     bool HeapDumpOnOutOfMemoryError               = true                                   {manageable} {command line}
   size_t InitialHeapSize                          = 266338304                                 {product} {ergonomic}
   size_t MarkStackSize                            = 4194304                                   {product} {ergonomic}
   size_t MaxHeapSize                              = 536870912                                 {product} {command line}
   size_t MaxMetaspaceSize                         = 268435456                                 {product} {command line}
   size_t MaxNewSize                               = 321912832                                 {product} {ergonomic}
   size_t MinHeapDeltaBytes                        = 1048576                                   {product} {ergonomic}
    uintx NonNMethodCodeHeapSize                   = 5836300                                {pd product} {ergonomic}
    uintx NonProfiledCodeHeapSize                  = 122910970                              {pd product} {ergonomic}
    uintx ProfiledCodeHeapSize                     = 122910970                              {pd product} {ergonomic}
    uintx ReservedCodeCacheSize                    = 251658240                              {pd product} {ergonomic}
     bool SegmentedCodeCache                       = true                                      {product} {ergonomic}
     bool UseCompressedClassPointers               = true                                 {lp64_product} {ergonomic}
     bool UseCompressedOops                        = true                                 {lp64_product} {ergonomic}
     bool UseG1GC                                  = true                                      {product} {ergonomic}
     bool UseLargePagesIndividualAllocation        = false                                  {pd product} {ergonomic}

Logging:
Log output configuration:
 #0: stdout all=warning uptime,level,tags
 #1: stderr all=off uptime,level,tags

Environment Variables:
JAVA_HOME=D:\software\java
CLASSPATH=D:\software\ant\lib
PATH=C:\Program Files (x86)\Common Files\Oracle\Java\javapath;C:\Program Files (x86)\Intel\Intel(R) Management Engine Components\iCLS\;C:\Program Files\Intel\Intel(R) Management Engine Components\iCLS\;C:\Windows\system32;C:\Windows;C:\Windows\System32\Wbem;C:\Windows\System32\WindowsPowerShell\v1.0\;C:\Windows\System32\OpenSSH\;C:\Program Files (x86)\Intel\Intel(R) Management Engine Components\DAL;C:\Program Files\Intel\Intel(R) Management Engine Components\DAL;C:\Program Files (x86)\Intel\Intel(R) Management Engine Components\IPT;C:\Program Files\Intel\Intel(R) Management Engine Components\IPT;C:\Program Files (x86)\NVIDIA Corporation\PhysX\Common;D:\software\gradle\bin;D:\software\ant\bin;D:\software\java\bin;C:\Program Files\Intel\WiFi\bin\;C:\Program Files\Common Files\Intel\WirelessCommon\;D:\software\scala\bin;D:\software\Go\bin;D:\software\nodejs\;C:\WINDOWS\system32;C:\WINDOWS;C:\WINDOWS\System32\Wbem;C:\WINDOWS\System32\WindowsPowerShell\v1.0\;C:\WINDOWS\System32\OpenSSH\;C:\Program Files\NVIDIA Corporation\NVIDIA NvDLISR;D:\software\Git\cmd;D:\software\cygwin\bin;D:\software\cmake\bin;C:\Program Files\CMake\bin;C:\Program Files\MySQL\MySQL Shell 8.0\bin\;D:\software\Microsoft VS Code\bin;D:\software\java\bin;D:\software\java\jre\bin;D:\software\lib\tools.jar;;D:\software\CLion 2020.1\bin;;D:\software\IntelliJ IDEA 2020.1\bin;
USERNAME=gzouxu
OS=Windows_NT
PROCESSOR_IDENTIFIER=Intel64 Family 6 Model 142 Stepping 10, GenuineIntel



---------------  S Y S T E M  ---------------

OS: Windows 10 , 64 bit Build 18362 (10.0.18362.778)

CPU:total 8 (initial active 8) (4 cores per cpu, 2 threads per core) family 6 model 142 stepping 10, cmov, cx8, fxsr, mmx, sse, sse2, sse3, ssse3, sse4.1, sse4.2, popcnt, avx, avx2, aes, clmul, erms, 3dnowpref, lzcnt, ht, tsc, tscinvbit, bmi1, bmi2, adx, fma

Memory: 4k page, system-wide physical 16226M (3086M free)
TotalPageFile size 26466M (AvailPageFile size 13M)
current process WorkingSet (physical memory assigned to process): 313M, peak: 313M
current process commit charge ("private bytes"): 453M, peak: 453M

vm_info: OpenJDK 64-Bit Server VM (11.0.6+8-b765.25) for windows-amd64 JRE (11.0.6+8-b765.25), built on Mar 30 2020 12:57:22 by "" with MS VC++ 14.0 (VS2015)

END.
